ONCVPSP  (Optimized Norm-Conservinng Vanderbilt PSeudopotential)
scalar-relativistic version 3.3.1 12/12/2017


While it is not required under the terms of the GNU GPL, it is
suggested that you cite D. R. Hamann, Phys. Rev. B 88, 085117 (2013)
in any publication utilizing these pseudopotentials.


# ATOM AND REFERENCE CONFIGURATION
# atsym  z   nc   nv     iexc    psfile
  Bi 83.00   12    3       3      upf 
#
#   n    l    f        energy (Ha)
    1    0    2.00    -3.3301532D+03
    2    0    2.00    -5.9838215D+02
    2    1    6.00    -5.1195653D+02
    3    0    2.00    -1.4442927D+02
    3    1    6.00    -1.1974749D+02
    3    2   10.00    -9.4948675D+01
    4    0    2.00    -3.3121810D+01
    4    1    6.00    -2.5034742D+01
    4    2   10.00    -1.5798578D+01
    4    3   14.00    -5.6208560D+00
    5    0    2.00    -5.8073054D+00
    5    1    6.00    -3.5262862D+00
    5    2   10.00    -9.9893752D-01
    6    0    2.00    -5.4242561D-01
    6    1    3.00    -1.7545850D-01
#
# PSEUDOPOTENTIAL AND OPTIMIZATION
# lmax
    3
#
#   l,   rc,      ep,       ncon, nbas, qcut
    0   3.59885  -0.54243    5    8   3.57648
    1   3.68574  -0.17546    5    8   3.63328
    2   3.00923  -0.99894    5    8   6.40958
    3   3.35027   0.23560    5    8   5.75105
#
# LOCAL POTENTIAL
# lloc, lpopt,  rc(5),   dvloc0
    4    5   2.76817      0.00000
#
# VANDERBILT-KLEINMAN-BYLANDER PROJECTORs
# l, nproj, debl
    0    2   1.12594
    1    2   1.11002
    2    2   1.38825
    3    2   1.25529
#
# MODEL CORE CHARGE
# icmod, fcfact, rcfact
    0   0.00000   0.00000
#
# LOG DERIVATIVE ANALYSIS
# epsh1, epsh2, depsh
   -5.00    3.00    0.02
#
# OUTPUT GRID
# rlmax, drl
    6.00    0.01
#
# TEST CONFIGURATIONS
# ncnf
    0
# nvcnf
#   n    l    f


Reference configufation results
  iterations    22
  all-electron total energy (Ha)   -2.15193202D+04

Begin loop to  construct optimized pseudo wave functions
and semi-local pseudopoentials for all angular momenta
wellstate: ERROR well potential iteration failed to converge, n=  7 l=  0
