ONCVPSP  (Optimized Norm-Conservinng Vanderbilt PSeudopotential)
fully-relativistic version 3.3.1 12/12/2017


While it is not required under the terms of the GNU GPL, it issuggested that you cite the arXiv preprint or Phys. Rev. B paperthrough which you found this code in any publication using thesepseudopotentials.  The reference will be here when available.


# ATOM AND REFERENCE CONFIGURATION
# atsym  z   nc   nv     iexc    psfile
  K 19.00    3    3       3      upf 
#
#   n    l    f              energy (Ha)
#   n    l    f        l+1/2             l-1/2
    1    0    2.00    -1.2903048D+02
    2    0    2.00    -1.2943211D+01
    2    1    6.00    -1.0253447D+01    -1.0359448D+01
    3    0    2.00    -1.2925552D+00
    3    1    6.00    -6.8876834D-01    -6.9873388D-01
    4    0    1.00    -8.9308857D-02
#
# PSEUDOPOTENTIAL AND OPTIMIZATION
# lmax
    2
#
#   l,   rc,     ep,   ncon, nbas, qcut
    0   2.17031  -1.29884    5    8   5.88121
    1   2.33134  -0.69139    5    8   5.98033
    2   2.35932   0.21071    5    8   6.69467
#
# LOCAL POTENTIAL
# lloc, lpopt,  rc(5),   dvloc0
    4    5   2.06919      0.00000
#
# VANDERBILT-KLEINMAN-BYLANDER PROJECTORs
# l, nproj, debl
    0    2   1.21361
    1    2   1.74240
    2    2   1.72705
#
# MODEL CORE CHARGE
# icmod, fcfact, rcfact
    0   0.00000   0.00000
#
# LOG DERIVATIVE ANALYSIS
# epsh1, epsh2, depsh
   -5.00    3.00    0.02
#
# OUTPUT GRID
# rlmax, drl
    6.00    0.01
#
# TEST CONFIGURATIONS
# ncnf
    0
# nvcnf
#   n    l    f


Reference configufation results
  iterations    25
  all-electron total energy (Ha)   -6.00559509D+02

Begin loop to  construct optimized pseudo wave functions
and semi-local pseudopoentials for all angular momenta

  All-electron reference function large-component-only renormalization
    cnorm=   1.00006856  l=  0  n=  3  kap= -1

  All-electron reference function large-component-only renormalization
    cnorm=   1.00000528  ll=  0,  n=  4  kap= -1

First projector wave function outermost peak radius =  1.074, l= 0

  All-electron projector functions [0,rc] norms and overlap, l= 0
    qq(1,1)=  0.94834870  qq(1,2)= -0.09771165  qq(2,2)=  0.03683693


Calculating first optimized projector for l=   0

    Constraint consistency test
      pswf0 val/der aewf val/der     diff
        0.17237000    0.17237000    2.08D-14
       -0.29954046   -0.29954046    1.98D-14
        0.50072932    0.50072932   -3.12D-14
       -0.74918948   -0.74918948   -1.76D-13
        0.74031280    0.74031280    2.80D-13

    Fraction of norm inside rc  0.948349
    Optimizing pswf for qcut= 5.88 a_B^-1,  ecut=17.29 Ha
    q_infinity defining residual KE= 20.00  (E_inf=  200.0 Ha)
    Residual KE error=  9.09D-06 Ha

    Total kinetic energy consistency test
      Fourier integration compared to d^2/dr^2 integral
      Fourier  0.63606202  r-space=  0.63606204  ratio=  0.99999997
    Potential consistency test at r_c
      vpsp= -0.64077349  vae= -0.64077765  difference= -4.16D-06

    Energy error per electron        Cutoff
         Ha          eV             Ha
         0.01000     0.27211        7.00
         0.00100     0.02721       11.68
         0.00010     0.00272       14.56
         0.00001     0.00027       17.53

Calculating second optimized projector for l=   0

    Constraint consistency test
      pswf0 val/der aewf val/der     diff
        0.10649094    0.10649094    2.08D-16
        0.10465979    0.10465979    1.85D-13
       -0.21390308   -0.21390308    7.42D-14
        0.26817571    0.26817571    3.22D-13
       -0.16852936   -0.16852936    5.94D-13
       -0.09771165   -0.09771165    5.55D-17

    Fraction of norm inside rc  0.036837
    Optimizing pswf for qcut= 5.88 a_B^-1,  ecut=17.29 Ha
    q_infinity defining residual KE= 20.00  (E_inf=  200.0 Ha)
    Residual KE error=  3.90D-06 Ha

    Total kinetic energy consistency test
      Fourier integration compared to d^2/dr^2 integral
      Fourier  0.13859651  r-space=  0.13859666  ratio=  0.99999897
    Potential consistency test at r_c
    "vpsp"= -0.64079451  vae= -0.64077765  difference=  1.69D-05

    Energy error per electron        Cutoff
         Ha          eV             Ha
         0.01000     0.27211        2.21
         0.00100     0.02721        8.39
         0.00010     0.00272       12.98
         0.00001     0.00027       16.15

  All-electron reference function large-component-only renormalization
    cnorm=   1.00005413  l=  1  n=  3  kap= -2

  Wellstate for l =  1  n =  4  kappa= -2
    eigenvalue =   1.0503
    asymptotic potential =   1.7395
    half-point radius =  2.5806

  All-electron reference function large-component-only renormalization
    cnorm=   1.00004980  ll=  1,  n=  4  kap= -2

First projector wave function outermost peak radius =  1.153, l= 1

  All-electron projector functions [0,rc] norms and overlap, l= 1
    qq(1,1)=  0.91363202  qq(1,2)= -0.11165012  qq(2,2)=  0.48878357


Calculating first optimized projector for l=   1

    Constraint consistency test
      pswf0 val/der aewf val/der     diff
        0.17805198    0.17805198   -9.38D-14
       -0.24280342   -0.24280342   -4.43D-14
        0.32495067    0.32495067   -7.33D-15
       -0.39562755   -0.39562755   -3.50D-14
        0.31556296    0.31556296    2.56D-13

    Fraction of norm inside rc  0.913632
    Optimizing pswf for qcut= 5.98 a_B^-1,  ecut=17.88 Ha
    q_infinity defining residual KE= 20.00  (E_inf=  200.0 Ha)
    Residual KE error=  1.15D-06 Ha

    Total kinetic energy consistency test
      Fourier integration compared to d^2/dr^2 integral
      Fourier  1.39807816  r-space=  1.39807820  ratio=  0.99999997
    Potential consistency test at r_c
      vpsp= -0.54516719  vae= -0.54517923  difference= -1.20D-05

    Energy error per electron        Cutoff
         Ha          eV             Ha
         0.01000     0.27211        8.67
         0.00100     0.02721       11.65
         0.00010     0.00272       14.10
         0.00001     0.00027       16.15

Calculating second optimized projector for l=   1

    Constraint consistency test
      pswf0 val/der aewf val/der     diff
        0.34901004    0.34901004    3.33D-16
       -0.07433446   -0.07433446    3.61D-13
       -0.92153050   -0.92153050    2.46D-14
        1.23100792    1.23100792    1.13D-13
        0.39642937    0.39642937   -6.77D-13
       -0.11165012   -0.11165012    4.16D-17

    Fraction of norm inside rc  0.488784
    Optimizing pswf for qcut= 5.98 a_B^-1,  ecut=17.88 Ha
    q_infinity defining residual KE= 20.00  (E_inf=  200.0 Ha)
    Residual KE error=  5.08D-04 Ha

    Total kinetic energy consistency test
      Fourier integration compared to d^2/dr^2 integral
      Fourier  1.77917137  r-space=  1.77917136  ratio=  1.00000000
    Potential consistency test at r_c
    "vpsp"= -0.54524197  vae= -0.54517923  difference=  6.27D-05

    Energy error per electron        Cutoff
         Ha          eV             Ha
         0.01000     0.27211       11.00
         0.00100     0.02721       15.68
         0.00010     0.00272       37.80
         0.00001     0.00027       84.78

  All-electron reference function large-component-only renormalization
    cnorm=   1.00005471  l=  1  n=  3  kap=  1

  Wellstate for l =  1  n =  4  kappa=  1
    eigenvalue =   1.0503
    asymptotic potential =   1.7692
    half-point radius =  2.5806

  All-electron reference function large-component-only renormalization
    cnorm=   1.00005026  ll=  1,  n=  4  kap=  1

First projector wave function outermost peak radius =  1.140, l= 1

  All-electron projector functions [0,rc] norms and overlap, l= 1
    qq(1,1)=  0.91623373  qq(1,2)= -0.10931498  qq(2,2)=  0.49628368


Calculating first optimized projector for l=   1

    Constraint consistency test
      pswf0 val/der aewf val/der     diff
        0.17616081    0.17616081   -1.42D-13
       -0.24197540   -0.24197540    7.05D-15
        0.32650917    0.32650917    1.00D-14
       -0.40232750   -0.40232750    1.24D-13
        0.33297191    0.33297191   -3.30D-14

    Fraction of norm inside rc  0.916234
    Optimizing pswf for qcut= 5.98 a_B^-1,  ecut=17.88 Ha
    q_infinity defining residual KE= 20.00  (E_inf=  200.0 Ha)
    Residual KE error=  1.31D-06 Ha

    Total kinetic energy consistency test
      Fourier integration compared to d^2/dr^2 integral
      Fourier  1.41468655  r-space=  1.41468659  ratio=  0.99999997
    Potential consistency test at r_c
      vpsp= -0.54517620  vae= -0.54517923  difference= -3.03D-06

    Energy error per electron        Cutoff
         Ha          eV             Ha
         0.01000     0.27211        8.75
         0.00100     0.02721       11.75
         0.00010     0.00272       14.19
         0.00001     0.00027       16.23

Calculating second optimized projector for l=   1

    Constraint consistency test
      pswf0 val/der aewf val/der     diff
        0.35111630    0.35111630   -2.78D-16
       -0.08258782   -0.08258782    1.65D-13
       -0.92040275   -0.92040275    1.58D-13
        1.25187328    1.25187328    6.29D-13
        0.36419188    0.36419188    6.96D-13
       -0.10931498   -0.10931498   -1.11D-16

    Fraction of norm inside rc  0.496284
    Optimizing pswf for qcut= 5.98 a_B^-1,  ecut=17.88 Ha
    q_infinity defining residual KE= 20.00  (E_inf=  200.0 Ha)
    Residual KE error=  5.17D-04 Ha

    Total kinetic energy consistency test
      Fourier integration compared to d^2/dr^2 integral
      Fourier  1.80042512  r-space=  1.80042512  ratio=  1.00000000
    Potential consistency test at r_c
    "vpsp"= -0.54525098  vae= -0.54517923  difference=  7.17D-05

    Energy error per electron        Cutoff
         Ha          eV             Ha
         0.01000     0.27211       11.16
         0.00100     0.02721       15.82
         0.00010     0.00272       38.09
         0.00001     0.00027       85.50

  Wellstate for l =  2  n =  3  kappa= -3
    eigenvalue =   0.2107
    asymptotic potential =   1.1127
    half-point radius =  2.7280

  All-electron reference function large-component-only renormalization
    cnorm=   1.00003444  l=  2  n=  3  kap= -3

wellstate: ERROR iteration failed to  converge
wellstate: ERROR well potential iteration failed to converge, n=  4 l=  2
