ONCVPSP  (Optimized Norm-Conservinng Vanderbilt PSeudopotential)
fully-relativistic version 3.3.1 12/12/2017


While it is not required under the terms of the GNU GPL, it issuggested that you cite the arXiv preprint or Phys. Rev. B paperthrough which you found this code in any publication using thesepseudopotentials.  The reference will be here when available.


# ATOM AND REFERENCE CONFIGURATION
# atsym  z   nc   nv     iexc    psfile
  Ba 56.00    9    4       3      upf 
#
#   n    l    f              energy (Ha)
#   n    l    f        l+1/2             l-1/2
    1    0    2.00    -1.3666785D+03
    2    0    2.00    -2.1593302D+02
    2    1    6.00    -1.8948133D+02    -2.0349188D+02
    3    0    2.00    -4.5526360D+01
    3    1    6.00    -3.7588400D+01    -4.0295114D+01
    3    2   10.00    -2.7799132D+01    -2.8376770D+01
    4    0    2.00    -8.8823211D+00
    4    1    6.00    -6.4117318D+00    -6.9805209D+00
    4    2   10.00    -3.2043310D+00    -3.3009053D+00
    5    0    2.00    -1.1950683D+00
    5    1    6.00    -6.2511660D-01    -7.0178505D-01
    5    2    1.00    -5.2641914D-02    -5.6469296D-02
    6    0    1.00    -1.0804934D-01
#
# PSEUDOPOTENTIAL AND OPTIMIZATION
# lmax
    3
#
#   l,   rc,     ep,   ncon, nbas, qcut
    0   2.93784  -1.19126    5    8   4.58118
    1   2.93784  -0.64624    5    8   4.80909
    2   2.97309  -0.04970    5    8   5.73962
    3   2.54602   0.14815    5    8   7.53728
#
# LOCAL POTENTIAL
# lloc, lpopt,  rc(5),   dvloc0
    4    5   2.31429      0.00000
#
# VANDERBILT-KLEINMAN-BYLANDER PROJECTORs
# l, nproj, debl
    0    2   1.08879
    1    2   1.60356
    2    2   1.83660
    3    2   1.30997
#
# MODEL CORE CHARGE
# icmod, fcfact, rcfact
    0   0.00000   0.00000
#
# LOG DERIVATIVE ANALYSIS
# epsh1, epsh2, depsh
   -5.00    3.00    0.02
#
# OUTPUT GRID
# rlmax, drl
    6.00    0.01
#
# TEST CONFIGURATIONS
# ncnf
    0
# nvcnf
#   n    l    f


Reference configufation results
  iterations    24
  all-electron total energy (Ha)   -8.13301858D+03

Begin loop to  construct optimized pseudo wave functions
and semi-local pseudopoentials for all angular momenta

  All-electron reference function large-component-only renormalization
    cnorm=   1.00008938  l=  0  n=  5  kap= -1

  All-electron reference function large-component-only renormalization
    cnorm=   1.00000979  ll=  0,  n=  6  kap= -1

First projector wave function outermost peak radius =  1.453, l= 0

  All-electron projector functions [0,rc] norms and overlap, l= 0
    qq(1,1)=  0.97859770  qq(1,2)= -0.08061168  qq(2,2)=  0.09848964


Calculating first optimized projector for l=   0

    Constraint consistency test
      pswf0 val/der aewf val/der     diff
        0.08021558    0.08021558   -1.05D-14
       -0.12931478   -0.12931478   -6.41D-15
        0.20111897    0.20111897   -1.98D-14
       -0.28628625   -0.28628625   -6.70D-14
        0.31265992    0.31265992   -1.07D-13

    Fraction of norm inside rc  0.978598
    Optimizing pswf for qcut= 4.58 a_B^-1,  ecut=10.49 Ha
    q_infinity defining residual KE= 20.00  (E_inf=  200.0 Ha)
    Residual KE error=  4.08D-06 Ha

    Total kinetic energy consistency test
      Fourier integration compared to d^2/dr^2 integral
      Fourier  0.42057498  r-space=  0.42057498  ratio=  0.99999999
    Potential consistency test at r_c
      vpsp= -0.48367985  vae= -0.48367469  difference=  5.17D-06

    Energy error per electron        Cutoff
         Ha          eV             Ha
         0.01000     0.27211        4.90
         0.00100     0.02721        7.08
         0.00010     0.00272        8.62
         0.00001     0.00027        9.90

Calculating second optimized projector for l=   0

    Constraint consistency test
      pswf0 val/der aewf val/der     diff
        0.12954779    0.12954779   -8.33D-17
        0.03849159    0.03849159   -2.18D-14
       -0.12321756   -0.12321756   -1.66D-14
        0.16322716    0.16322716   -3.25D-14
       -0.14194934   -0.14194934   -3.02D-14
       -0.08061168   -0.08061168   -2.78D-17

    Fraction of norm inside rc  0.098490
    Optimizing pswf for qcut= 4.58 a_B^-1,  ecut=10.49 Ha
    q_infinity defining residual KE= 20.00  (E_inf=  200.0 Ha)
    Residual KE error=  5.15D-06 Ha

    Total kinetic energy consistency test
      Fourier integration compared to d^2/dr^2 integral
      Fourier  0.16016944  r-space=  0.16016956  ratio=  0.99999926
    Potential consistency test at r_c
    "vpsp"= -0.48368001  vae= -0.48367469  difference=  5.32D-06

    Energy error per electron        Cutoff
         Ha          eV             Ha
         0.01000     0.27211        1.88
         0.00100     0.02721        6.41
         0.00010     0.00272        8.43
         0.00001     0.00027       10.04

  All-electron reference function large-component-only renormalization
    cnorm=   1.00006285  l=  1  n=  5  kap= -2

  Wellstate for l =  1  n =  6  kappa= -2
    eigenvalue =   0.9529
    asymptotic potential =   1.9180
    half-point radius =  3.1072

  All-electron reference function large-component-only renormalization
    cnorm=   1.00007201  ll=  1,  n=  6  kap= -2

First projector wave function outermost peak radius =  1.677, l= 1

  All-electron projector functions [0,rc] norms and overlap, l= 1
    qq(1,1)=  0.91341553  qq(1,2)= -0.06709552  qq(2,2)=  0.63997233


Calculating first optimized projector for l=   1

    Constraint consistency test
      pswf0 val/der aewf val/der     diff
        0.13392703    0.13392703    1.20D-13
       -0.15852217   -0.15852217   -2.58D-15
        0.17482842    0.17482842    1.13D-14
       -0.15063475   -0.15063475    2.25D-14
       -0.01062076   -0.01062076    7.13D-14

    Fraction of norm inside rc  0.913416
    Optimizing pswf for qcut= 4.80 a_B^-1,  ecut=11.52 Ha
    q_infinity defining residual KE= 20.00  (E_inf=  200.0 Ha)
    Residual KE error=  3.65D-06 Ha

    Total kinetic energy consistency test
      Fourier integration compared to d^2/dr^2 integral
      Fourier  0.73682340  r-space=  0.73682339  ratio=  1.00000001
    Potential consistency test at r_c
      vpsp= -0.48366733  vae= -0.48367469  difference= -7.36D-06

    Energy error per electron        Cutoff
         Ha          eV             Ha
         0.01000     0.27211        3.09
         0.00100     0.02721        6.00
         0.00010     0.00272        8.88
         0.00001     0.00027       11.04

Calculating second optimized projector for l=   1

    Constraint consistency test
      pswf0 val/der aewf val/der     diff
        0.27227822    0.27227822    0.00D+00
       -0.14309120   -0.14309120    8.87D-14
       -0.62445165   -0.62445165   -6.68D-14
        0.93634909    0.93634909   -3.47D-13
        0.33015146    0.33015146   -6.18D-13
       -0.06709552   -0.06709552    1.39D-17

    Fraction of norm inside rc  0.639972
    Optimizing pswf for qcut= 4.80 a_B^-1,  ecut=11.52 Ha
    q_infinity defining residual KE= 20.00  (E_inf=  200.0 Ha)
    Residual KE error=  2.22D-03 Ha

    Total kinetic energy consistency test
      Fourier integration compared to d^2/dr^2 integral
      Fourier  1.43960979  r-space=  1.43961310  ratio=  0.99999770
    Potential consistency test at r_c
    "vpsp"= -0.48372347  vae= -0.48367469  difference=  4.88D-05

    Energy error per electron        Cutoff
         Ha          eV             Ha
         0.01000     0.27211        6.31
         0.00100     0.02721       19.85
         0.00010     0.00272       57.18

  All-electron reference function large-component-only renormalization
    cnorm=   1.00006882  l=  1  n=  5  kap=  1

wellstate: ERROR iteration failed to  converge
wellstate: ERROR well potential iteration failed to converge, n=  6 l=  1
