ONCVPSP  (Optimized Norm-Conservinng Vanderbilt PSeudopotential)
scalar-relativistic version 3.3.1 12/12/2017


While it is not required under the terms of the GNU GPL, it is
suggested that you cite D. R. Hamann, Phys. Rev. B 88, 085117 (2013)
in any publication utilizing these pseudopotentials.


# ATOM AND REFERENCE CONFIGURATION
# atsym  z   nc   nv     iexc    psfile
  Pb 82.00   12    3       3      upf 
#
#   n    l    f        energy (Ha)
    1    0    2.00    -3.2364885D+03
    2    0    2.00    -5.7892844D+02
    2    1    6.00    -4.9670031D+02
    3    0    2.00    -1.3895970D+02
    3    1    6.00    -1.1539005D+02
    3    2   10.00    -9.1331779D+01
    4    0    2.00    -3.1432781D+01
    4    1    6.00    -2.3707993D+01
    4    2   10.00    -1.4771325D+01
    4    3   14.00    -4.8971820D+00
    5    0    2.00    -5.3074429D+00
    5    1    6.00    -3.1588593D+00
    5    2   10.00    -7.8228213D-01
    6    0    2.00    -4.5289309D-01
    6    1    2.00    -1.3634936D-01
#
# PSEUDOPOTENTIAL AND OPTIMIZATION
# lmax
    3
#
#   l,   rc,      ep,       ncon, nbas, qcut
    0   3.55686  -0.45289    5    8   3.96156
    1   3.59954  -0.13635    5    8   3.58114
    2   3.31119  -0.78228    5    8   6.04705
    3   3.59954   0.26797    5    8   5.62297
#
# LOCAL POTENTIAL
# lloc, lpopt,  rc(5),   dvloc0
    4    5   2.90401      0.00000
#
# VANDERBILT-KLEINMAN-BYLANDER PROJECTORs
# l, nproj, debl
    0    2   1.14841
    1    2   1.10423
    2    2   1.17152
    3    2   1.22641
#
# MODEL CORE CHARGE
# icmod, fcfact, rcfact
    0   0.00000   0.00000
#
# LOG DERIVATIVE ANALYSIS
# epsh1, epsh2, depsh
   -5.00    3.00    0.02
#
# OUTPUT GRID
# rlmax, drl
    6.00    0.01
#
# TEST CONFIGURATIONS
# ncnf
    0
# nvcnf
#   n    l    f


Reference configufation results
  iterations    22
  all-electron total energy (Ha)   -2.08707019D+04

Begin loop to  construct optimized pseudo wave functions
and semi-local pseudopoentials for all angular momenta
wellstate: ERROR well potential iteration failed to converge, n=  7 l=  0
