ONCVPSP  (Optimized Norm-Conservinng Vanderbilt PSeudopotential)
scalar-relativistic version 3.3.1 12/12/2017


While it is not required under the terms of the GNU GPL, it is
suggested that you cite D. R. Hamann, Phys. Rev. B 88, 085117 (2013)
in any publication utilizing these pseudopotentials.


# ATOM AND REFERENCE CONFIGURATION
# atsym  z   nc   nv     iexc    psfile
  Si 14.00    3    2       3      upf 
#
#   n    l    f        energy (Ha)
    1    0    2.00    -6.5357528D+01
    2    0    2.00    -5.0983852D+00
    2    1    6.00    -3.5132518D+00
    3    0    2.00    -3.9999499D-01
    3    1    2.00    -1.5319675D-01
#
# PSEUDOPOTENTIAL AND OPTIMIZATION
# lmax
    1
#
#   l,   rc,      ep,       ncon, nbas, qcut
    0   2.40480  -0.39999    5    8   5.11281
    1   3.56481  -0.15320    5    8   3.50314
#
# LOCAL POTENTIAL
# lloc, lpopt,  rc(5),   dvloc0
    4    5   1.27795      0.00000
#
# VANDERBILT-KLEINMAN-BYLANDER PROJECTORs
# l, nproj, debl
    0    2   0.56800
    1    2   1.00881
#
# MODEL CORE CHARGE
# icmod, fcfact, rcfact
    0   0.00000   0.00000
#
# LOG DERIVATIVE ANALYSIS
# epsh1, epsh2, depsh
   -5.00    3.00    0.02
#
# OUTPUT GRID
# rlmax, drl
    6.00    0.01
#
# TEST CONFIGURATIONS
# ncnf
    0
# nvcnf
#   n    l    f


Reference configufation results
  iterations    24
  all-electron total energy (Ha)   -2.88819810D+02

Begin loop to  construct optimized pseudo wave functions
and semi-local pseudopoentials for all angular momenta

   Wellstate for l =  0  n =  4
     eigenvalue =   0.1680
     asymptotic potential =   0.9310
     half-point radius =  6.9702

First projector wave function outermost peak radius =  1.764, l= 0

All-electron projector functions [0,rc] norms and overlap, l= 0
  qq(1,1)=  0.66760095  qq(1,2)= -0.29288490  qq(2,2)=  0.14670692


Calculating first optimized projector for l=   0

    Constraint consistency test
      pswf0 val/der aewf val/der     diff
        0.26185565    0.26185565    2.06D-13
       -0.22135087   -0.22135087   -1.62D-14
        0.12542763    0.12542763    5.50D-15
        0.10274427    0.10274427    4.47D-13
       -0.64806852   -0.64806852    7.86D-13

    Fraction of norm inside rc  0.667601
    Optimizing pswf for qcut= 5.12 a_B^-1,  ecut=13.11 Ha
    q_infinity defining residual KE= 20.00  (E_inf=  200.0 Ha)
    Residual KE error=  3.68D-06 Ha

    Total kinetic energy consistency test
      Fourier integration compared to d^2/dr^2 integral
      Fourier  0.26756532  r-space=  0.26756531  ratio=  1.00000002
    Potential consistency test at r_c
      vpsp= -0.51200893  vae= -0.51201362  difference= -4.69D-06

    Energy error per electron        Cutoff
         Ha          eV             Ha
         0.01000     0.27211        5.44
         0.00100     0.02721        8.26
         0.00010     0.00272       10.43
         0.00001     0.00027       12.21

Calculating second optimized projector for l=   0

    Constraint consistency test
      pswf0 val/der aewf val/der     diff
       -0.01589665   -0.01589665   -2.26D-16
        0.23317359    0.23317359    3.22D-13
       -0.17230552   -0.17230552    2.02D-14
       -0.10739144   -0.10739144   -6.01D-14
        0.57176223    0.57176223    6.64D-14
       -0.29288490   -0.29288490   -1.11D-16

    Fraction of norm inside rc  0.146707
    Optimizing pswf for qcut= 5.12 a_B^-1,  ecut=13.11 Ha
    q_infinity defining residual KE= 20.00  (E_inf=  200.0 Ha)
    Residual KE error=  2.57D-06 Ha

    Total kinetic energy consistency test
      Fourier integration compared to d^2/dr^2 integral
      Fourier  0.31531589  r-space=  0.31531593  ratio=  0.99999987
    Potential consistency test at r_c
    "vpsp"= -0.51193904  vae= -0.51201362  difference= -7.46D-05

    Energy error per electron        Cutoff
         Ha          eV             Ha
         0.01000     0.27211        4.81
         0.00100     0.02721        7.87
         0.00010     0.00272       10.21
         0.00001     0.00027       12.00
wellstate: ERROR well potential iteration failed to converge, n=  4 l=  1
