ONCVPSP  (Optimized Norm-Conservinng Vanderbilt PSeudopotential)
scalar-relativistic version 3.3.1 12/12/2017


While it is not required under the terms of the GNU GPL, it is
suggested that you cite D. R. Hamann, Phys. Rev. B 88, 085117 (2013)
in any publication utilizing these pseudopotentials.


# ATOM AND REFERENCE CONFIGURATION
# atsym  z   nc   nv     iexc    psfile
  Pb 82.00   12    3       4      upf 
#
#   n    l    f        energy (Ha)
    1    0    2.00    -3.2390345D+03
    2    0    2.00    -5.7932867D+02
    2    1    6.00    -4.9682245D+02
    3    0    2.00    -1.3906926D+02
    3    1    6.00    -1.1541788D+02
    3    2   10.00    -9.1324673D+01
    4    0    2.00    -3.1486563D+01
    4    1    6.00    -2.3737589D+01
    4    2   10.00    -1.4776623D+01
    4    3   14.00    -4.8836776D+00
    5    0    2.00    -5.2978500D+00
    5    1    6.00    -3.1543836D+00
    5    2   10.00    -7.7824841D-01
    6    0    2.00    -4.4247109D-01
    6    1    2.00    -1.2853928D-01
#
# PSEUDOPOTENTIAL AND OPTIMIZATION
# lmax
    3
#
#   l,   rc,      ep,       ncon, nbas, qcut
    0   3.55686  -0.44247    5    8   3.96156
    1   3.59954  -0.12854    5    8   3.58114
    2   3.31119  -0.77825    5    8   6.04705
    3   3.59954   0.26797    5    8   5.62297
#
# LOCAL POTENTIAL
# lloc, lpopt,  rc(5),   dvloc0
    4    5   2.90401      0.00000
#
# VANDERBILT-KLEINMAN-BYLANDER PROJECTORs
# l, nproj, debl
    0    2   1.14841
    1    2   1.10423
    2    2   1.17152
    3    2   1.22641
#
# MODEL CORE CHARGE
# icmod, fcfact, rcfact
    0   0.00000   0.00000
#
# LOG DERIVATIVE ANALYSIS
# epsh1, epsh2, depsh
   -5.00    3.00    0.02
#
# OUTPUT GRID
# rlmax, drl
    6.00    0.01
#
# TEST CONFIGURATIONS
# ncnf
    0
# nvcnf
#   n    l    f


Reference configufation results
  iterations    22
  all-electron total energy (Ha)   -2.08819075D+04

Begin loop to  construct optimized pseudo wave functions
and semi-local pseudopoentials for all angular momenta
wellstate: ERROR well potential iteration failed to converge, n=  7 l=  0
