ONCVPSP  (Optimized Norm-Conservinng Vanderbilt PSeudopotential)
fully-relativistic version 3.3.1 12/12/2017


While it is not required under the terms of the GNU GPL, it issuggested that you cite the arXiv preprint or Phys. Rev. B paperthrough which you found this code in any publication using thesepseudopotentials.  The reference will be here when available.


# ATOM AND REFERENCE CONFIGURATION
# atsym  z   nc   nv     iexc    psfile
  F  9.00    1    2       3      upf 
#
#   n    l    f              energy (Ha)
#   n    l    f        l+1/2             l-1/2
    1    0    2.00    -2.4215759D+01
    2    0    2.00    -1.0894636D+00
    2    1    5.00    -4.1425218D-01    -4.1660287D-01
#
# PSEUDOPOTENTIAL AND OPTIMIZATION
# lmax
    2
#
#   l,   rc,     ep,   ncon, nbas, qcut
    0   1.30000  -1.10000    4    8   8.60000
    1   1.45000  -0.41000    4    8   9.00000
    2   1.60000   0.15000    4    8   5.80000
#
# LOCAL POTENTIAL
# lloc, lpopt,  rc(5),   dvloc0
    4    5   0.95000      0.00000
#
# VANDERBILT-KLEINMAN-BYLANDER PROJECTORs
# l, nproj, debl
    0    2   1.50000
    1    2   1.50000
    2    1   2.00000
#
# MODEL CORE CHARGE
# icmod, fcfact, rcfact
    3   2.50000   1.85000
#
# LOG DERIVATIVE ANALYSIS
# epsh1, epsh2, depsh
  -12.00   12.00    0.02
#
# OUTPUT GRID
# rlmax, drl
    6.00    0.01
#
# TEST CONFIGURATIONS
# ncnf
    0
# nvcnf
#   n    l    f


Reference configufation results
  iterations    19
  all-electron total energy (Ha)   -9.91868600D+01

Begin loop to  construct optimized pseudo wave functions
and semi-local pseudopoentials for all angular momenta

  All-electron reference function large-component-only renormalization
    cnorm=   1.00005531  l=  0  n=  2  kap= -1

  Wellstate for l =  0  n =  3  kappa= -1
    eigenvalue =   0.4105
    asymptotic potential =   1.2247
    half-point radius =  3.7953

  All-electron reference function large-component-only renormalization
    cnorm=   1.00001683  ll=  0,  n=  3  kap= -1

First projector wave function outermost peak radius =  0.766, l= 0

  All-electron projector functions [0,rc] norms and overlap, l= 0
    qq(1,1)=  0.77984564  qq(1,2)= -0.23682013  qq(2,2)=  0.08700967


Calculating first optimized projector for l=   0

    Constraint consistency test
      pswf0 val/der aewf val/der     diff
        0.54933326    0.54933326    1.95D-12
       -0.97428901   -0.97428901   -2.14D-14
        1.63327721    1.63327721    1.63D-13
       -2.03326307   -2.03326307    9.22D-13

    Fraction of norm inside rc  0.779846
    Optimizing pswf for qcut= 8.60 a_B^-1,  ecut=36.98 Ha
    q_infinity defining residual KE= 26.50  (E_inf=  351.1 Ha)
    Residual KE error=  3.31D-06 Ha

    Total kinetic energy consistency test
      Fourier integration compared to d^2/dr^2 integral
      Fourier  0.96692542  r-space=  0.96692501  ratio=  1.00000042
    Potential consistency test at r_c
      vpsp= -0.95734175  vae= -0.95738120  difference= -3.95D-05

    Energy error per electron        Cutoff
         Ha          eV             Ha
         0.01000     0.27211        7.09
         0.00100     0.02721       21.61
         0.00010     0.00272       28.72
         0.00001     0.00027       34.09

Calculating second optimized projector for l=   0

    Constraint consistency test
      pswf0 val/der aewf val/der     diff
        0.04369947    0.04369947   -9.49D-14
        0.67697820    0.67697820   -3.77D-15
       -1.15359909   -1.15359909   -1.09D-13
        0.84723507    0.84723507   -9.37D-13
       -0.23682013   -0.23682013    0.00D+00

    Fraction of norm inside rc  0.087010
    Optimizing pswf for qcut= 8.60 a_B^-1,  ecut=36.98 Ha
    q_infinity defining residual KE= 26.50  (E_inf=  351.1 Ha)
    Residual KE error=  2.64D-06 Ha

    Total kinetic energy consistency test
      Fourier integration compared to d^2/dr^2 integral
      Fourier  0.60881275  r-space=  0.60881278  ratio=  0.99999995
    Potential consistency test at r_c
    "vpsp"= -0.95777947  vae= -0.95738120  difference=  3.98D-04

    Energy error per electron        Cutoff
         Ha          eV             Ha
         0.01000     0.27211        5.57
         0.00100     0.02721       18.29
         0.00010     0.00272       27.61
         0.00001     0.00027       33.75

  All-electron reference function large-component-only renormalization
    cnorm=   1.00004490  l=  1  n=  2  kap= -2

  Wellstate for l =  1  n =  3  kappa= -2
    eigenvalue =   1.0850
    asymptotic potential =   1.8042
    half-point radius =  2.6254

  All-electron reference function large-component-only renormalization
    cnorm=   1.00003030  ll=  1,  n=  3  kap= -2

First projector wave function outermost peak radius =  0.696, l= 1

  All-electron projector functions [0,rc] norms and overlap, l= 1
    qq(1,1)=  0.76819013  qq(1,2)= -0.27558315  qq(2,2)=  0.18418425


Calculating first optimized projector for l=   1

    Constraint consistency test
      pswf0 val/der aewf val/der     diff
        0.42321090    0.42321090   -4.58D-13
       -0.60505248   -0.60505248   -2.93D-14
        0.94627276    0.94627276   -4.26D-13
       -1.58319859   -1.58319859   -3.76D-12

    Fraction of norm inside rc  0.768190
    Optimizing pswf for qcut= 9.00 a_B^-1,  ecut=40.50 Ha
    q_infinity defining residual KE= 25.86  (E_inf=  334.4 Ha)
    Residual KE error=  9.65D-06 Ha

    Total kinetic energy consistency test
      Fourier integration compared to d^2/dr^2 integral
      Fourier  2.75028727  r-space=  2.75028798  ratio=  0.99999974
    Potential consistency test at r_c
      vpsp= -0.74750702  vae= -0.74753724  difference= -3.02D-05

    Energy error per electron        Cutoff
         Ha          eV             Ha
         0.01000     0.27211       24.92
         0.00100     0.02721       31.10
         0.00010     0.00272       35.90
         0.00001     0.00027       40.43

Calculating second optimized projector for l=   1

    Constraint consistency test
      pswf0 val/der aewf val/der     diff
        0.22716278    0.22716278    1.98D-13
        0.59417495    0.59417495    1.64D-14
       -1.43398510   -1.43398510   -8.46D-14
        1.14984474    1.14984474   -7.26D-13
       -0.27558315   -0.27558315    5.55D-17

    Fraction of norm inside rc  0.184184
    Optimizing pswf for qcut= 9.00 a_B^-1,  ecut=40.50 Ha
    q_infinity defining residual KE= 25.86  (E_inf=  334.4 Ha)
    Residual KE error=  4.06D-05 Ha

    Total kinetic energy consistency test
      Fourier integration compared to d^2/dr^2 integral
      Fourier  2.00226406  r-space=  2.00226468  ratio=  0.99999969
    Potential consistency test at r_c
    "vpsp"= -0.74765670  vae= -0.74753724  difference=  1.19D-04

    Energy error per electron        Cutoff
         Ha          eV             Ha
         0.01000     0.27211       25.84
         0.00100     0.02721       32.90
         0.00010     0.00272       38.44
         0.00001     0.00027       55.85

  All-electron reference function large-component-only renormalization
    cnorm=   1.00004506  l=  1  n=  2  kap=  1

  Wellstate for l =  1  n =  3  kappa=  1
    eigenvalue =   1.0850
    asymptotic potential =   1.8087
    half-point radius =  2.6254

  All-electron reference function large-component-only renormalization
    cnorm=   1.00003035  ll=  1,  n=  3  kap=  1

First projector wave function outermost peak radius =  0.696, l= 1

  All-electron projector functions [0,rc] norms and overlap, l= 1
    qq(1,1)=  0.76950190  qq(1,2)= -0.27526535  qq(2,2)=  0.18423831


Calculating first optimized projector for l=   1

    Constraint consistency test
      pswf0 val/der aewf val/der     diff
        0.42267932    0.42267932   -6.49D-13
       -0.60549422   -0.60549422   -3.10D-14
        0.94869283    0.94869283   -2.18D-13
       -1.59034763   -1.59034763   -2.78D-12

    Fraction of norm inside rc  0.769502
    Optimizing pswf for qcut= 9.00 a_B^-1,  ecut=40.50 Ha
    q_infinity defining residual KE= 25.86  (E_inf=  334.4 Ha)
    Residual KE error=  9.74D-06 Ha

    Total kinetic energy consistency test
      Fourier integration compared to d^2/dr^2 integral
      Fourier  2.75956777  r-space=  2.75956849  ratio=  0.99999974
    Potential consistency test at r_c
      vpsp= -0.74753919  vae= -0.74753724  difference=  1.95D-06

    Energy error per electron        Cutoff
         Ha          eV             Ha
         0.01000     0.27211       24.95
         0.00100     0.02721       31.12
         0.00010     0.00272       35.92
         0.00001     0.00027       40.45

Calculating second optimized projector for l=   1

    Constraint consistency test
      pswf0 val/der aewf val/der     diff
        0.22861310    0.22861310   -7.34D-13
        0.59298782    0.59298782   -1.28D-14
       -1.43632194   -1.43632194   -2.35D-13
        1.15671763    1.15671763   -4.10D-13
       -0.27526535   -0.27526535    5.55D-17

    Fraction of norm inside rc  0.184238
    Optimizing pswf for qcut= 9.00 a_B^-1,  ecut=40.50 Ha
    q_infinity defining residual KE= 25.86  (E_inf=  334.4 Ha)
    Residual KE error=  4.11D-05 Ha

    Total kinetic energy consistency test
      Fourier integration compared to d^2/dr^2 integral
      Fourier  2.00584511  r-space=  2.00584573  ratio=  0.99999969
    Potential consistency test at r_c
    "vpsp"= -0.74768850  vae= -0.74753724  difference=  1.51D-04

    Energy error per electron        Cutoff
         Ha          eV             Ha
         0.01000     0.27211       25.87
         0.00100     0.02721       32.92
         0.00010     0.00272       38.46
         0.00001     0.00027       56.02

ldiracfb: ERROR no classical turning point
