ONCVPSP  (Optimized Norm-Conservinng Vanderbilt PSeudopotential)
fully-relativistic version 3.3.1 12/12/2017


While it is not required under the terms of the GNU GPL, it issuggested that you cite the arXiv preprint or Phys. Rev. B paperthrough which you found this code in any publication using thesepseudopotentials.  The reference will be here when available.


# ATOM AND REFERENCE CONFIGURATION
# atsym  z   nc   nv     iexc    psfile
  Bi 83.00   12    3       3      upf 
#
#   n    l    f              energy (Ha)
#   n    l    f        l+1/2             l-1/2
    1    0    2.00    -3.3240488D+03
    2    0    2.00    -5.9674752D+02
    2    1    6.00    -4.8826622D+02    -5.7344214D+02
    3    0    2.00    -1.4401026D+02
    3    1    6.00    -1.1440291D+02    -1.3347058D+02
    3    2   10.00    -9.3055542D+01    -9.7100151D+01
    4    0    2.00    -3.3019546D+01
    4    1    6.00    -2.3731591D+01    -2.8440191D+01
    4    2   10.00    -1.5397399D+01    -1.6276106D+01
    4    3   14.00    -5.5085745D+00    -5.7105004D+00
    5    0    2.00    -5.7858280D+00
    5    1    6.00    -3.2774175D+00    -4.1926109D+00
    5    2   10.00    -9.4955663D-01    -1.0604381D+00
    6    0    2.00    -5.3932224D-01
    6    1    3.00    -1.5658137D-01    -2.2888580D-01
#
# PSEUDOPOTENTIAL AND OPTIMIZATION
# lmax
    3
#
#   l,   rc,     ep,   ncon, nbas, qcut
    0   3.59885  -0.53202    5    8   3.57648
    1   3.68574  -0.16798    5    8   3.63328
    2   3.00923  -0.99525    5    8   6.40958
    3   3.35027   0.23560    5    8   5.75105
#
# LOCAL POTENTIAL
# lloc, lpopt,  rc(5),   dvloc0
    4    5   2.76817      0.00000
#
# VANDERBILT-KLEINMAN-BYLANDER PROJECTORs
# l, nproj, debl
    0    2   1.12594
    1    2   1.11002
    2    2   1.38825
    3    2   1.25529
#
# MODEL CORE CHARGE
# icmod, fcfact, rcfact
    0   0.00000   0.00000
#
# LOG DERIVATIVE ANALYSIS
# epsh1, epsh2, depsh
   -5.00    3.00    0.02
#
# OUTPUT GRID
# rlmax, drl
    6.00    0.01
#
# TEST CONFIGURATIONS
# ncnf
    0
# nvcnf
#   n    l    f


Reference configufation results
  iterations    22
  all-electron total energy (Ha)   -2.15699378D+04

Begin loop to  construct optimized pseudo wave functions
and semi-local pseudopoentials for all angular momenta

  All-electron reference function large-component-only renormalization
    cnorm=   1.00005839  l=  0  n=  6  kap= -1

wellstate: ERROR iteration failed to  converge
wellstate: ERROR well potential iteration failed to converge, n=  7 l=  0
