ONCVPSP  (Optimized Norm-Conservinng Vanderbilt PSeudopotential)
fully-relativistic version 3.3.1 12/12/2017


While it is not required under the terms of the GNU GPL, it issuggested that you cite the arXiv preprint or Phys. Rev. B paperthrough which you found this code in any publication using thesepseudopotentials.  The reference will be here when available.


# ATOM AND REFERENCE CONFIGURATION
# atsym  z   nc   nv     iexc    psfile
  Fe 26.00    3    4       3      upf 
#
#   n    l    f              energy (Ha)
#   n    l    f        l+1/2             l-1/2
    1    0    2.00    -2.5657557D+02
    2    0    2.00    -3.0048788D+01
    2    1    6.00    -2.5491605D+01    -2.5949134D+01
    3    0    2.00    -3.4357071D+00
    3    1    6.00    -2.1829245D+00    -2.2400181D+00
    4    0    2.00    -2.0169205D-01
    3    2    6.00    -2.8258499D-01    -2.8821007D-01
#
# PSEUDOPOTENTIAL AND OPTIMIZATION
# lmax
    2
#
#   l,   rc,     ep,   ncon, nbas, qcut
    0   2.08667  -3.45509    5    8   6.68986
    1   2.11172  -2.20653    5    8   7.45338
    2   2.06193  -0.27580    5    8   8.55864
#
# LOCAL POTENTIAL
# lloc, lpopt,  rc(5),   dvloc0
    4    5   1.87426      0.00000
#
# VANDERBILT-KLEINMAN-BYLANDER PROJECTORs
# l, nproj, debl
    0    2   3.26061
    1    2   2.97009
    2    2   1.24375
#
# MODEL CORE CHARGE
# icmod, fcfact, rcfact
    0   0.00000   0.00000
#
# LOG DERIVATIVE ANALYSIS
# epsh1, epsh2, depsh
   -5.00    3.00    0.02
#
# OUTPUT GRID
# rlmax, drl
    6.00    0.01
#
# TEST CONFIGURATIONS
# ncnf
    0
# nvcnf
#   n    l    f


Reference configufation results
  iterations    28
  all-electron total energy (Ha)   -1.27021108D+03

Begin loop to  construct optimized pseudo wave functions
and semi-local pseudopoentials for all angular momenta

  All-electron reference function large-component-only renormalization
    cnorm=   1.00017477  l=  0  n=  3  kap= -1

  All-electron reference function large-component-only renormalization
    cnorm=   1.00001569  ll=  0,  n=  4  kap= -1

First projector wave function outermost peak radius =  0.696, l= 0

  All-electron projector functions [0,rc] norms and overlap, l= 0
    qq(1,1)=  0.99819319  qq(1,2)= -0.02323936  qq(2,2)=  0.22868974


Calculating first optimized projector for l=   0

    Constraint consistency test
      pswf0 val/der aewf val/der     diff
        0.04495683    0.04495683   -6.96D-14
       -0.12949030   -0.12949030   -1.68D-14
        0.37350455    0.37350455   -1.12D-14
       -1.07331838   -1.07331838   -9.97D-14
        3.03754304    3.03754304   -1.65D-13

    Fraction of norm inside rc  0.998193
    Optimizing pswf for qcut= 6.68 a_B^-1,  ecut=22.31 Ha
    q_infinity defining residual KE= 20.00  (E_inf=  200.0 Ha)
    Residual KE error=  1.21D-07 Ha

    Total kinetic energy consistency test
      Fourier integration compared to d^2/dr^2 integral
      Fourier  1.62729156  r-space=  1.62729126  ratio=  1.00000019
    Potential consistency test at r_c
      vpsp= -0.66201375  vae= -0.66183499  difference=  1.79D-04

    Energy error per electron        Cutoff
         Ha          eV             Ha
         0.01000     0.27211       10.18
         0.00100     0.02721       13.44
         0.00010     0.00272       16.27
         0.00001     0.00027       18.63

Calculating second optimized projector for l=   0

    Constraint consistency test
      pswf0 val/der aewf val/der     diff
        0.29309547    0.29309547   -2.22D-16
       -0.07321140   -0.07321140    7.31D-14
       -0.19956318   -0.19956318    8.31D-14
        0.63247551    0.63247551    5.39D-13
       -1.45120055   -1.45120055    6.05D-13
       -0.02323936   -0.02323936    3.47D-18

    Fraction of norm inside rc  0.228690
    Optimizing pswf for qcut= 6.68 a_B^-1,  ecut=22.31 Ha
    q_infinity defining residual KE= 20.00  (E_inf=  200.0 Ha)
    Residual KE error=  1.80D-06 Ha

    Total kinetic energy consistency test
      Fourier integration compared to d^2/dr^2 integral
      Fourier  0.39435215  r-space=  0.39435213  ratio=  1.00000005
    Potential consistency test at r_c
    "vpsp"= -0.66183831  vae= -0.66183499  difference=  3.32D-06

    Energy error per electron        Cutoff
         Ha          eV             Ha
         0.01000     0.27211        7.00
         0.00100     0.02721       10.09
         0.00010     0.00272       12.56
         0.00001     0.00027       14.82

  All-electron reference function large-component-only renormalization
    cnorm=   1.00015222  l=  1  n=  3  kap= -2

wellstate: ERROR iteration failed to  converge
wellstate: ERROR well potential iteration failed to converge, n=  4 l=  1
