ONCVPSP  (Optimized Norm-Conservinng Vanderbilt PSeudopotential)
scalar-relativistic version 3.3.1 12/12/2017


While it is not required under the terms of the GNU GPL, it is
suggested that you cite D. R. Hamann, Phys. Rev. B 88, 085117 (2013)
in any publication utilizing these pseudopotentials.


# ATOM AND REFERENCE CONFIGURATION
# atsym  z   nc   nv     iexc    psfile
  K 19.00    3    3       3      upf 
#
#   n    l    f        energy (Ha)
    1    0    2.00    -1.2904732D+02
    2    0    2.00    -1.2945353D+01
    2    1    6.00    -1.0290964D+01
    3    0    2.00    -1.2926818D+00
    3    1    6.00    -6.9215831D-01
    4    0    1.00    -8.9310645D-02
#
# PSEUDOPOTENTIAL AND OPTIMIZATION
# lmax
    2
#
#   l,   rc,      ep,       ncon, nbas, qcut
    0   2.17031  -1.29268    5    8   5.88121
    1   2.33134  -0.69216    5    8   5.98033
    2   2.35932   0.21071    5    8   6.69467
#
# LOCAL POTENTIAL
# lloc, lpopt,  rc(5),   dvloc0
    4    5   2.06919      0.00000
#
# VANDERBILT-KLEINMAN-BYLANDER PROJECTORs
# l, nproj, debl
    0    2   1.20337
    1    2   1.74240
    2    2   1.72705
#
# MODEL CORE CHARGE
# icmod, fcfact, rcfact
    0   0.00000   0.00000
#
# LOG DERIVATIVE ANALYSIS
# epsh1, epsh2, depsh
   -5.00    3.00    0.02
#
# OUTPUT GRID
# rlmax, drl
    6.00    0.01
#
# TEST CONFIGURATIONS
# ncnf
    0
# nvcnf
#   n    l    f


Reference configufation results
  iterations    25
  all-electron total energy (Ha)   -6.00556304D+02

Begin loop to  construct optimized pseudo wave functions
and semi-local pseudopoentials for all angular momenta

First projector wave function outermost peak radius =  1.074, l= 0

All-electron projector functions [0,rc] norms and overlap, l= 0
  qq(1,1)=  0.94836910  qq(1,2)= -0.09769463  qq(2,2)=  0.03683996


Calculating first optimized projector for l=   0

    Constraint consistency test
      pswf0 val/der aewf val/der     diff
        0.17234271    0.17234271    3.75D-13
       -0.29951387   -0.29951387    2.22D-14
        0.50073011    0.50073011    2.98D-14
       -0.74930325   -0.74930325    3.00D-14
        0.74079324    0.74079324    6.11D-13

    Fraction of norm inside rc  0.948369
    Optimizing pswf for qcut= 5.88 a_B^-1,  ecut=17.29 Ha
    q_infinity defining residual KE= 20.00  (E_inf=  200.0 Ha)
    Residual KE error=  9.08D-06 Ha

    Total kinetic energy consistency test
      Fourier integration compared to d^2/dr^2 integral
      Fourier  0.63614361  r-space=  0.63614363  ratio=  0.99999997
    Potential consistency test at r_c
      vpsp= -0.64072352  vae= -0.64072773  difference= -4.21D-06

    Energy error per electron        Cutoff
         Ha          eV             Ha
         0.01000     0.27211        7.00
         0.00100     0.02721       11.68
         0.00010     0.00272       14.56
         0.00001     0.00027       17.53

Calculating second optimized projector for l=   0

    Constraint consistency test
      pswf0 val/der aewf val/der     diff
        0.10650919    0.10650919    2.78D-17
        0.10464067    0.10464067   -3.05D-15
       -0.21389458   -0.21389458    4.92D-14
        0.26820559    0.26820559    2.52D-13
       -0.16866737   -0.16866737    5.20D-13
       -0.09769463   -0.09769463    1.39D-17

    Fraction of norm inside rc  0.036840
    Optimizing pswf for qcut= 5.88 a_B^-1,  ecut=17.29 Ha
    q_infinity defining residual KE= 20.00  (E_inf=  200.0 Ha)
    Residual KE error=  3.90D-06 Ha

    Total kinetic energy consistency test
      Fourier integration compared to d^2/dr^2 integral
      Fourier  0.13859775  r-space=  0.13859789  ratio=  0.99999897
    Potential consistency test at r_c
    "vpsp"= -0.64074458  vae= -0.64072773  difference=  1.68D-05

    Energy error per electron        Cutoff
         Ha          eV             Ha
         0.01000     0.27211        2.21
         0.00100     0.02721        8.39
         0.00010     0.00272       12.98
         0.00001     0.00027       16.15

   Wellstate for l =  1  n =  4
     eigenvalue =   1.0502
     asymptotic potential =   1.7493
     half-point radius =  2.5806

First projector wave function outermost peak radius =  1.140, l= 1

All-electron projector functions [0,rc] norms and overlap, l= 1
  qq(1,1)=  0.91453969  qq(1,2)= -0.11085283  qq(2,2)=  0.49131883


Calculating first optimized projector for l=   1

    Constraint consistency test
      pswf0 val/der aewf val/der     diff
        0.17739537    0.17739537    3.78D-13
       -0.24251479   -0.24251479    4.25D-15
        0.32548973    0.32548973    3.69D-14
       -0.39795560   -0.39795560    2.13D-14
        0.32163781    0.32163781    8.66D-13

    Fraction of norm inside rc  0.914540
    Optimizing pswf for qcut= 5.98 a_B^-1,  ecut=17.88 Ha
    q_infinity defining residual KE= 20.00  (E_inf=  200.0 Ha)
    Residual KE error=  1.21D-06 Ha

    Total kinetic energy consistency test
      Fourier integration compared to d^2/dr^2 integral
      Fourier  1.40384677  r-space=  1.40384681  ratio=  0.99999997
    Potential consistency test at r_c
      vpsp= -0.54512735  vae= -0.54513640  difference= -9.05D-06

    Energy error per electron        Cutoff
         Ha          eV             Ha
         0.01000     0.27211        8.70
         0.00100     0.02721       11.69
         0.00010     0.00272       14.13
         0.00001     0.00027       16.18

Calculating second optimized projector for l=   1

    Constraint consistency test
      pswf0 val/der aewf val/der     diff
        0.34973298    0.34973298    1.11D-16
       -0.07714075   -0.07714075    8.43D-14
       -0.92108834   -0.92108834    1.65D-13
        1.23801190    1.23801190    6.07D-13
        0.38522571    0.38522571    1.65D-12
       -0.11085283   -0.11085283    3.05D-16

    Fraction of norm inside rc  0.491319
    Optimizing pswf for qcut= 5.98 a_B^-1,  ecut=17.88 Ha
    q_infinity defining residual KE= 20.00  (E_inf=  200.0 Ha)
    Residual KE error=  5.11D-04 Ha

    Total kinetic energy consistency test
      Fourier integration compared to d^2/dr^2 integral
      Fourier  1.78632628  r-space=  1.78632627  ratio=  1.00000000
    Potential consistency test at r_c
    "vpsp"= -0.54520188  vae= -0.54513640  difference=  6.55D-05

    Energy error per electron        Cutoff
         Ha          eV             Ha
         0.01000     0.27211       11.06
         0.00100     0.02721       15.73
         0.00010     0.00272       37.89
         0.00001     0.00027       85.01

   Wellstate for l =  2  n =  3
     eigenvalue =   0.2107
     asymptotic potential =   1.1175
     half-point radius =  2.7280
wellstate: ERROR well potential iteration failed to converge, n=  4 l=  2
