ONCVPSP  (Optimized Norm-Conservinng Vanderbilt PSeudopotential)
fully-relativistic version 3.3.1 12/12/2017


While it is not required under the terms of the GNU GPL, it issuggested that you cite the arXiv preprint or Phys. Rev. B paperthrough which you found this code in any publication using thesepseudopotentials.  The reference will be here when available.


# ATOM AND REFERENCE CONFIGURATION
# atsym  z   nc   nv     iexc    psfile
  Pb 82.00   12    3       3      upf 
#
#   n    l    f              energy (Ha)
#   n    l    f        l+1/2             l-1/2
    1    0    2.00    -3.2307246D+03
    2    0    2.00    -5.7739369D+02
    2    1    6.00    -4.7419816D+02    -5.5459243D+02
    3    0    2.00    -1.3857026D+02
    3    1    6.00    -1.1033542D+02    -1.2826937D+02
    3    2   10.00    -8.9547275D+01    -9.3365846D+01
    4    0    2.00    -3.1340044D+01
    4    1    6.00    -2.2485518D+01    -2.6884961D+01
    4    2   10.00    -1.4398810D+01    -1.5219800D+01
    4    3   14.00    -4.7967516D+00    -4.9818003D+00
    5    0    2.00    -5.2895599D+00
    5    1    6.00    -2.9336596D+00    -3.7637682D+00
    5    2   10.00    -7.4111873D-01    -8.3671081D-01
    6    0    2.00    -4.5080814D-01
    6    1    2.00    -1.2201391D-01    -1.7733172D-01
#
# PSEUDOPOTENTIAL AND OPTIMIZATION
# lmax
    3
#
#   l,   rc,     ep,   ncon, nbas, qcut
    0   3.55686  -0.44247    5    8   3.96156
    1   3.59954  -0.12854    5    8   3.58114
    2   3.31119  -0.77825    5    8   6.04705
    3   3.59954   0.26797    5    8   5.62297
#
# LOCAL POTENTIAL
# lloc, lpopt,  rc(5),   dvloc0
    4    5   2.90401      0.00000
#
# VANDERBILT-KLEINMAN-BYLANDER PROJECTORs
# l, nproj, debl
    0    2   1.14841
    1    2   1.10423
    2    2   1.17152
    3    2   1.22641
#
# MODEL CORE CHARGE
# icmod, fcfact, rcfact
    0   0.00000   0.00000
#
# LOG DERIVATIVE ANALYSIS
# epsh1, epsh2, depsh
   -5.00    3.00    0.02
#
# OUTPUT GRID
# rlmax, drl
    6.00    0.01
#
# TEST CONFIGURATIONS
# ncnf
    0
# nvcnf
#   n    l    f


Reference configufation results
  iterations    22
  all-electron total energy (Ha)   -2.09172916D+04

Begin loop to  construct optimized pseudo wave functions
and semi-local pseudopoentials for all angular momenta

  All-electron reference function large-component-only renormalization
    cnorm=   1.00005015  l=  0  n=  6  kap= -1

wellstate: ERROR iteration failed to  converge
wellstate: ERROR well potential iteration failed to converge, n=  7 l=  0
