ONCVPSP  (Optimized Norm-Conservinng Vanderbilt PSeudopotential)
fully-relativistic version 3.3.1 12/12/2017


While it is not required under the terms of the GNU GPL, it issuggested that you cite the arXiv preprint or Phys. Rev. B paperthrough which you found this code in any publication using thesepseudopotentials.  The reference will be here when available.


# ATOM AND REFERENCE CONFIGURATION
# atsym  z   nc   nv     iexc    psfile
  K 19.00    3    3       4      upf 
#
#   n    l    f              energy (Ha)
#   n    l    f        l+1/2             l-1/2
    1    0    2.00    -1.2942353D+02
    2    0    2.00    -1.2985243D+01
    2    1    6.00    -1.0256563D+01    -1.0362847D+01
    3    0    2.00    -1.2987074D+00
    3    1    6.00    -6.8805280D-01    -6.9785102D-01
    4    0    1.00    -8.5220646D-02
#
# PSEUDOPOTENTIAL AND OPTIMIZATION
# lmax
    2
#
#   l,   rc,     ep,   ncon, nbas, qcut
    0   2.17031  -1.29884    5    8   5.88121
    1   2.33134  -0.69139    5    8   5.98033
    2   2.35932   0.21071    5    8   6.69467
#
# LOCAL POTENTIAL
# lloc, lpopt,  rc(5),   dvloc0
    4    5   2.06919      0.00000
#
# VANDERBILT-KLEINMAN-BYLANDER PROJECTORs
# l, nproj, debl
    0    2   1.21361
    1    2   1.74240
    2    2   1.72705
#
# MODEL CORE CHARGE
# icmod, fcfact, rcfact
    0   0.00000   0.00000
#
# LOG DERIVATIVE ANALYSIS
# epsh1, epsh2, depsh
   -5.00    3.00    0.02
#
# OUTPUT GRID
# rlmax, drl
    6.00    0.01
#
# TEST CONFIGURATIONS
# ncnf
    0
# nvcnf
#   n    l    f


Reference configufation results
  iterations    25
  all-electron total energy (Ha)   -6.02089959D+02

Begin loop to  construct optimized pseudo wave functions
and semi-local pseudopoentials for all angular momenta

  All-electron reference function large-component-only renormalization
    cnorm=   1.00006780  l=  0  n=  3  kap= -1

  All-electron reference function large-component-only renormalization
    cnorm=   1.00000480  ll=  0,  n=  4  kap= -1

First projector wave function outermost peak radius =  1.074, l= 0

  All-electron projector functions [0,rc] norms and overlap, l= 0
    qq(1,1)=  0.94973678  qq(1,2)= -0.09301497  qq(2,2)=  0.03371496


Calculating first optimized projector for l=   0

    Constraint consistency test
      pswf0 val/der aewf val/der     diff
        0.17088008    0.17088008   -4.76D-14
       -0.29977247   -0.29977247   -2.46D-14
        0.50769449    0.50769449   -9.68D-14
       -0.76990369   -0.76990369   -5.02D-13
        0.74526981    0.74526981    5.88D-15

    Fraction of norm inside rc  0.949737
    Optimizing pswf for qcut= 5.88 a_B^-1,  ecut=17.29 Ha
    q_infinity defining residual KE= 20.00  (E_inf=  200.0 Ha)
    Residual KE error=  9.64D-06 Ha

    Total kinetic energy consistency test
      Fourier integration compared to d^2/dr^2 integral
      Fourier  0.64054565  r-space=  0.64054567  ratio=  0.99999997
    Potential consistency test at r_c
      vpsp= -0.62148802  vae= -0.62149171  difference= -3.69D-06

    Energy error per electron        Cutoff
         Ha          eV             Ha
         0.01000     0.27211        7.29
         0.00100     0.02721       11.79
         0.00010     0.00272       14.63
         0.00001     0.00027       17.61

Calculating second optimized projector for l=   0

    Constraint consistency test
      pswf0 val/der aewf val/der     diff
        0.10254165    0.10254165    8.33D-17
        0.10067536    0.10067536    2.80D-14
       -0.20275852   -0.20275852    1.14D-15
        0.26040828    0.26040828    6.70D-14
       -0.19497750   -0.19497750    9.00D-14
       -0.09301497   -0.09301497    1.39D-17

    Fraction of norm inside rc  0.033715
    Optimizing pswf for qcut= 5.88 a_B^-1,  ecut=17.29 Ha
    q_infinity defining residual KE= 20.00  (E_inf=  200.0 Ha)
    Residual KE error=  3.31D-06 Ha

    Total kinetic energy consistency test
      Fourier integration compared to d^2/dr^2 integral
      Fourier  0.12901877  r-space=  0.12901892  ratio=  0.99999881
    Potential consistency test at r_c
    "vpsp"= -0.62150828  vae= -0.62149171  difference=  1.66D-05

    Energy error per electron        Cutoff
         Ha          eV             Ha
         0.01000     0.27211        2.16
         0.00100     0.02721        8.32
         0.00010     0.00272       12.89
         0.00001     0.00027       15.97

  All-electron reference function large-component-only renormalization
    cnorm=   1.00005360  l=  1  n=  3  kap= -2

  Wellstate for l =  1  n =  4  kappa= -2
    eigenvalue =   1.0511
    asymptotic potential =   1.9838
    half-point radius =  2.6637

  All-electron reference function large-component-only renormalization
    cnorm=   1.00005055  ll=  1,  n=  4  kap= -2

First projector wave function outermost peak radius =  1.153, l= 1

  All-electron projector functions [0,rc] norms and overlap, l= 1
    qq(1,1)=  0.91578894  qq(1,2)= -0.11602246  qq(2,2)=  0.49842719


Calculating first optimized projector for l=   1

    Constraint consistency test
      pswf0 val/der aewf val/der     diff
        0.17667660    0.17667660    3.95D-13
       -0.24322700   -0.24322700   -2.83D-14
        0.33095420    0.33095420   -5.96D-14
       -0.41463383   -0.41463383   -1.01D-13
        0.32719458    0.32719458   -1.06D-12

    Fraction of norm inside rc  0.915789
    Optimizing pswf for qcut= 5.98 a_B^-1,  ecut=17.88 Ha
    q_infinity defining residual KE= 20.00  (E_inf=  200.0 Ha)
    Residual KE error=  9.15D-07 Ha

    Total kinetic energy consistency test
      Fourier integration compared to d^2/dr^2 integral
      Fourier  1.40306894  r-space=  1.40306898  ratio=  0.99999997
    Potential consistency test at r_c
      vpsp= -0.52593966  vae= -0.52595146  difference= -1.18D-05

    Energy error per electron        Cutoff
         Ha          eV             Ha
         0.01000     0.27211        8.58
         0.00100     0.02721       11.53
         0.00010     0.00272       13.98
         0.00001     0.00027       16.01

Calculating second optimized projector for l=   1

    Constraint consistency test
      pswf0 val/der aewf val/der     diff
        0.35425738    0.35425738    3.33D-16
       -0.06712363   -0.06712363   -3.22D-13
       -0.92945279   -0.92945279    3.41D-14
        1.21467943    1.21467943   -5.62D-14
        0.32884292    0.32884292   -9.11D-13
       -0.11602246   -0.11602246   -1.53D-16

    Fraction of norm inside rc  0.498427
    Optimizing pswf for qcut= 5.98 a_B^-1,  ecut=17.88 Ha
    q_infinity defining residual KE= 20.00  (E_inf=  200.0 Ha)
    Residual KE error=  4.40D-04 Ha

    Total kinetic energy consistency test
      Fourier integration compared to d^2/dr^2 integral
      Fourier  1.83466905  r-space=  1.83466904  ratio=  1.00000001
    Potential consistency test at r_c
    "vpsp"= -0.52601283  vae= -0.52595146  difference=  6.14D-05

    Energy error per electron        Cutoff
         Ha          eV             Ha
         0.01000     0.27211       10.86
         0.00100     0.02721       14.72
         0.00010     0.00272       31.57
         0.00001     0.00027       66.40

  All-electron reference function large-component-only renormalization
    cnorm=   1.00005414  l=  1  n=  3  kap=  1

  Wellstate for l =  1  n =  4  kappa=  1
    eigenvalue =   1.0511
    asymptotic potential =   2.0220
    half-point radius =  2.6637

  All-electron reference function large-component-only renormalization
    cnorm=   1.00005094  ll=  1,  n=  4  kap=  1

First projector wave function outermost peak radius =  1.140, l= 1

  All-electron projector functions [0,rc] norms and overlap, l= 1
    qq(1,1)=  0.91825899  qq(1,2)= -0.11362279  qq(2,2)=  0.50519487


Calculating first optimized projector for l=   1

    Constraint consistency test
      pswf0 val/der aewf val/der     diff
        0.17484643    0.17484643   -1.68D-13
       -0.24239974   -0.24239974    1.49D-14
        0.33240094    0.33240094   -5.72D-15
       -0.42105461   -0.42105461   -2.29D-13
        0.34453457    0.34453457   -2.12D-13

    Fraction of norm inside rc  0.918259
    Optimizing pswf for qcut= 5.98 a_B^-1,  ecut=17.88 Ha
    q_infinity defining residual KE= 20.00  (E_inf=  200.0 Ha)
    Residual KE error=  1.05D-06 Ha

    Total kinetic energy consistency test
      Fourier integration compared to d^2/dr^2 integral
      Fourier  1.41909874  r-space=  1.41909878  ratio=  0.99999997
    Potential consistency test at r_c
      vpsp= -0.52594851  vae= -0.52595146  difference= -2.95D-06

    Energy error per electron        Cutoff
         Ha          eV             Ha
         0.01000     0.27211        8.66
         0.00100     0.02721       11.62
         0.00010     0.00272       14.07
         0.00001     0.00027       16.10

Calculating second optimized projector for l=   1

    Constraint consistency test
      pswf0 val/der aewf val/der     diff
        0.35611463    0.35611463    3.33D-16
       -0.07516066   -0.07516066    3.44D-13
       -0.92773900   -0.92773900    1.35D-13
        1.23399557    1.23399557    8.45D-13
        0.29726598    0.29726598    1.79D-12
       -0.11362279   -0.11362279   -1.39D-17

    Fraction of norm inside rc  0.505195
    Optimizing pswf for qcut= 5.98 a_B^-1,  ecut=17.88 Ha
    q_infinity defining residual KE= 20.00  (E_inf=  200.0 Ha)
    Residual KE error=  4.47D-04 Ha

    Total kinetic energy consistency test
      Fourier integration compared to d^2/dr^2 integral
      Fourier  1.85331909  r-space=  1.85331908  ratio=  1.00000001
    Potential consistency test at r_c
    "vpsp"= -0.52602167  vae= -0.52595146  difference=  7.02D-05

    Energy error per electron        Cutoff
         Ha          eV             Ha
         0.01000     0.27211       10.99
         0.00100     0.02721       14.80
         0.00010     0.00272       31.82
         0.00001     0.00027       67.21

  Wellstate for l =  2  n =  3  kappa= -3
    eigenvalue =   0.2107
    asymptotic potential =   0.9775
    half-point radius =  2.7280

  All-electron reference function large-component-only renormalization
    cnorm=   1.00003359  l=  2  n=  3  kap= -3

wellstate: ERROR iteration failed to  converge
wellstate: ERROR well potential iteration failed to converge, n=  4 l=  2
