ONCVPSP  (Optimized Norm-Conservinng Vanderbilt PSeudopotential)
fully-relativistic version 3.3.1 12/12/2017


While it is not required under the terms of the GNU GPL, it issuggested that you cite the arXiv preprint or Phys. Rev. B paperthrough which you found this code in any publication using thesepseudopotentials.  The reference will be here when available.


# ATOM AND REFERENCE CONFIGURATION
# atsym  z   nc   nv     iexc    psfile
  La 57.00    9    4       4      upf 
#
#   n    l    f              energy (Ha)
#   n    l    f        l+1/2             l-1/2
    1    0    2.00    -1.4228660D+03
    2    0    2.00    -2.2635987D+02
    2    1    6.00    -1.9828407D+02    -2.1346658D+02
    3    0    2.00    -4.8367947D+01
    3    1    6.00    -3.9975690D+01    -4.2934748D+01
    3    2   10.00    -2.9831023D+01    -3.0464019D+01
    4    0    2.00    -9.7193362D+00
    4    1    6.00    -7.0910474D+00    -7.7204464D+00
    4    2   10.00    -3.7059926D+00    -3.8152649D+00
    5    0    2.00    -1.3702288D+00
    5    1    6.00    -7.4139263D-01    -8.3199463D-01
    5    2    2.00    -7.6436327D-02    -8.2459606D-02
    6    0    1.00    -1.1496339D-01
#
# PSEUDOPOTENTIAL AND OPTIMIZATION
# lmax
    3
#
#   l,   rc,     ep,   ncon, nbas, qcut
    0   2.88630  -1.37183    5    8   4.59909
    1   2.88630  -0.76920    5    8   4.82771
    2   2.92093  -0.07880    5    8   5.74897
    3   2.47169  -0.10070    5    8   7.65618
#
# LOCAL POTENTIAL
# lloc, lpopt,  rc(5),   dvloc0
    4    5   2.27369      0.00000
#
# VANDERBILT-KLEINMAN-BYLANDER PROJECTORs
# l, nproj, debl
    0    2   1.25690
    1    2   1.55615
    2    2   1.82348
    3    2   1.29328
#
# MODEL CORE CHARGE
# icmod, fcfact, rcfact
    0   0.00000   0.00000
#
# LOG DERIVATIVE ANALYSIS
# epsh1, epsh2, depsh
   -5.00    3.00    0.02
#
# OUTPUT GRID
# rlmax, drl
    6.00    0.01
#
# TEST CONFIGURATIONS
# ncnf
    0
# nvcnf
#   n    l    f


Reference configufation results
  iterations    27
  all-electron total energy (Ha)   -8.49747793D+03

Begin loop to  construct optimized pseudo wave functions
and semi-local pseudopoentials for all angular momenta

  All-electron reference function large-component-only renormalization
    cnorm=   1.00009884  l=  0  n=  5  kap= -1

  All-electron reference function large-component-only renormalization
    cnorm=   1.00001109  ll=  0,  n=  6  kap= -1

First projector wave function outermost peak radius =  1.411, l= 0

  All-electron projector functions [0,rc] norms and overlap, l= 0
    qq(1,1)=  0.98453138  qq(1,2)= -0.06971201  qq(2,2)=  0.11871207


Calculating first optimized projector for l=   0

    Constraint consistency test
      pswf0 val/der aewf val/der     diff
        0.07243430    0.07243430   -1.46D-14
       -0.12609591   -0.12609591    1.64D-15
        0.21327960    0.21327960   -2.55D-15
       -0.33560535   -0.33560535   -2.74D-14
        0.43065142    0.43065142   -8.98D-14

    Fraction of norm inside rc  0.984531
    Optimizing pswf for qcut= 4.60 a_B^-1,  ecut=10.58 Ha
    q_infinity defining residual KE= 20.00  (E_inf=  200.0 Ha)
    Residual KE error=  6.09D-06 Ha

    Total kinetic energy consistency test
      Fourier integration compared to d^2/dr^2 integral
      Fourier  0.46080857  r-space=  0.46080858  ratio=  0.99999999
    Potential consistency test at r_c
      vpsp= -0.49398575  vae= -0.49397494  difference=  1.08D-05

    Energy error per electron        Cutoff
         Ha          eV             Ha
         0.01000     0.27211        4.94
         0.00100     0.02721        7.27
         0.00010     0.00272        8.83
         0.00001     0.00027       10.43

Calculating second optimized projector for l=   0

    Constraint consistency test
      pswf0 val/der aewf val/der     diff
        0.14622616    0.14622616   -2.78D-17
        0.02888871    0.02888871    2.67D-14
       -0.13062473   -0.13062473    4.94D-15
        0.19741079    0.19741079    1.53D-15
       -0.21666187   -0.21666187   -2.80D-15
       -0.06971201   -0.06971201   -8.33D-17

    Fraction of norm inside rc  0.118712
    Optimizing pswf for qcut= 4.60 a_B^-1,  ecut=10.58 Ha
    q_infinity defining residual KE= 20.00  (E_inf=  200.0 Ha)
    Residual KE error=  1.11D-05 Ha

    Total kinetic energy consistency test
      Fourier integration compared to d^2/dr^2 integral
      Fourier  0.18060154  r-space=  0.18060164  ratio=  0.99999945
    Potential consistency test at r_c
    "vpsp"= -0.49397990  vae= -0.49397494  difference=  4.95D-06

    Energy error per electron        Cutoff
         Ha          eV             Ha
         0.01000     0.27211        1.98
         0.00100     0.02721        6.78
         0.00010     0.00272        8.87
         0.00001     0.00027       11.32

  All-electron reference function large-component-only renormalization
    cnorm=   1.00007167  l=  1  n=  5  kap= -2

  Wellstate for l =  1  n =  6  kappa= -2
    eigenvalue =   0.7846
    asymptotic potential =   1.5982
    half-point radius =  3.1551

  All-electron reference function large-component-only renormalization
    cnorm=   1.00006367  ll=  1,  n=  6  kap= -2

First projector wave function outermost peak radius =  1.609, l= 1

  All-electron projector functions [0,rc] norms and overlap, l= 1
    qq(1,1)=  0.93633482  qq(1,2)= -0.09233231  qq(2,2)=  0.56200267


Calculating first optimized projector for l=   1

    Constraint consistency test
      pswf0 val/der aewf val/der     diff
        0.12374882    0.12374882    1.23D-13
       -0.16188214   -0.16188214    2.94D-15
        0.20108866    0.20108866    2.54D-14
       -0.20938686   -0.20938686    1.60D-13
        0.07195521    0.07195521    1.03D-13

    Fraction of norm inside rc  0.936335
    Optimizing pswf for qcut= 4.82 a_B^-1,  ecut=11.62 Ha
    q_infinity defining residual KE= 20.00  (E_inf=  200.0 Ha)
    Residual KE error=  5.20D-06 Ha

    Total kinetic energy consistency test
      Fourier integration compared to d^2/dr^2 integral
      Fourier  0.83808512  r-space=  0.83808511  ratio=  1.00000000
    Potential consistency test at r_c
      vpsp= -0.49396732  vae= -0.49397494  difference= -7.62D-06

    Energy error per electron        Cutoff
         Ha          eV             Ha
         0.01000     0.27211        3.46
         0.00100     0.02721        5.17
         0.00010     0.00272        8.99
         0.00001     0.00027       11.41

Calculating second optimized projector for l=   1

    Constraint consistency test
      pswf0 val/der aewf val/der     diff
        0.27459152    0.27459152    0.00D+00
       -0.09196359   -0.09196359   -6.30D-14
       -0.57483217   -0.57483217   -3.43D-14
        0.77274443    0.77274443   -9.39D-14
        0.15958989    0.15958989   -1.68D-13
       -0.09233231   -0.09233231    2.22D-16

    Fraction of norm inside rc  0.562003
    Optimizing pswf for qcut= 4.82 a_B^-1,  ecut=11.62 Ha
    q_infinity defining residual KE= 20.00  (E_inf=  200.0 Ha)
    Residual KE error=  1.39D-03 Ha

    Total kinetic energy consistency test
      Fourier integration compared to d^2/dr^2 integral
      Fourier  1.29944145  r-space=  1.29944159  ratio=  0.99999989
    Potential consistency test at r_c
    "vpsp"= -0.49401417  vae= -0.49397494  difference=  3.92D-05

    Energy error per electron        Cutoff
         Ha          eV             Ha
         0.01000     0.27211        4.37
         0.00100     0.02721       15.92
         0.00010     0.00272       34.50
         0.00001     0.00027       79.99

  All-electron reference function large-component-only renormalization
    cnorm=   1.00007812  l=  1  n=  5  kap=  1

  Wellstate for l =  1  n =  6  kappa=  1
    eigenvalue =   0.7846
    asymptotic potential =   1.7537
    half-point radius =  3.0966

  All-electron reference function large-component-only renormalization
    cnorm=   1.00006743  ll=  1,  n=  6  kap=  1

First projector wave function outermost peak radius =  1.534, l= 1

  All-electron projector functions [0,rc] norms and overlap, l= 1
    qq(1,1)=  0.95293775  qq(1,2)= -0.06893624  qq(2,2)=  0.62693709


Calculating first optimized projector for l=   1

    Constraint consistency test
      pswf0 val/der aewf val/der     diff
        0.11043581    0.11043581    5.63D-15
       -0.15385471   -0.15385471   -6.47D-15
        0.20589338    0.20589338   -3.00D-15
       -0.24188586   -0.24188586   -1.24D-13
        0.15958015    0.15958015    6.49D-14

    Fraction of norm inside rc  0.952938
    Optimizing pswf for qcut= 4.82 a_B^-1,  ecut=11.62 Ha
    q_infinity defining residual KE= 20.00  (E_inf=  200.0 Ha)
    Residual KE error=  3.55D-06 Ha

    Total kinetic energy consistency test
      Fourier integration compared to d^2/dr^2 integral
      Fourier  0.92263273  r-space=  0.92263273  ratio=  1.00000000
    Potential consistency test at r_c
      vpsp= -0.49397398  vae= -0.49397494  difference= -9.69D-07

    Energy error per electron        Cutoff
         Ha          eV             Ha
         0.01000     0.27211        3.86
         0.00100     0.02721        5.12
         0.00010     0.00272        8.07
         0.00001     0.00027       10.81

Calculating second optimized projector for l=   1

    Constraint consistency test
      pswf0 val/der aewf val/der     diff
        0.27845347    0.27845347    2.22D-16
       -0.15094246   -0.15094246   -8.45D-14
       -0.54342133   -0.54342133   -1.09D-13
        0.87704563    0.87704563   -6.01D-13
       -0.05326686   -0.05326686   -5.82D-13
       -0.06893624   -0.06893624    8.33D-17

    Fraction of norm inside rc  0.626937
    Optimizing pswf for qcut= 4.82 a_B^-1,  ecut=11.62 Ha
    q_infinity defining residual KE= 20.00  (E_inf=  200.0 Ha)
    Residual KE error=  1.65D-03 Ha

    Total kinetic energy consistency test
      Fourier integration compared to d^2/dr^2 integral
      Fourier  1.39492736  r-space=  1.39492829  ratio=  0.99999933
    Potential consistency test at r_c
    "vpsp"= -0.49401864  vae= -0.49397494  difference=  4.37D-05

    Energy error per electron        Cutoff
         Ha          eV             Ha
         0.01000     0.27211        4.46
         0.00100     0.02721       18.56
         0.00010     0.00272       43.94

  All-electron reference function large-component-only renormalization
    cnorm=   1.00002501  l=  2  n=  5  kap= -3

  Wellstate for l =  2  n =  6  kappa= -3
    eigenvalue =   1.7446
    asymptotic potential =   2.5508
    half-point radius =  3.0197

  All-electron reference function large-component-only renormalization
    cnorm=   1.00008876  ll=  2,  n=  6  kap= -3

First projector wave function outermost peak radius =  2.274, l= 2

  All-electron projector functions [0,rc] norms and overlap, l= 2
    qq(1,1)=  0.49630203  qq(1,2)= -0.02450940  qq(2,2)=  0.64082792


Calculating first optimized projector for l=   2

    Constraint consistency test
      pswf0 val/der aewf val/der     diff
        0.18613660    0.18613660    3.53D-13
       -0.10071574   -0.10071574   -4.11D-15
        0.04442389    0.04442389    2.70D-15
        0.02630954    0.02630954    1.96D-13
       -0.17520982   -0.17520982    5.32D-13

    Fraction of norm inside rc  0.496302
    Optimizing pswf for qcut= 5.74 a_B^-1,  ecut=16.47 Ha
    q_infinity defining residual KE= 20.00  (E_inf=  200.0 Ha)
    Residual KE error=  1.19D-07 Ha

    Total kinetic energy consistency test
      Fourier integration compared to d^2/dr^2 integral
      Fourier  0.64022211  r-space=  0.64022210  ratio=  1.00000003
    Potential consistency test at r_c
      vpsp= -0.49397272  vae= -0.49397494  difference= -2.23D-06

    Energy error per electron        Cutoff
         Ha          eV             Ha
         0.01000     0.27211        3.88
         0.00100     0.02721        5.42
         0.00010     0.00272        7.35
         0.00001     0.00027       12.26

Calculating second optimized projector for l=   2

    Constraint consistency test
      pswf0 val/der aewf val/der     diff
        0.27300058    0.27300058   -7.77D-16
       -0.09134218   -0.09134218    2.51D-13
       -0.96781972   -0.96781972    7.39D-14
        1.08425683    1.08425683    5.57D-13
        2.10271433    2.10271433    1.23D-12
       -0.02450940   -0.02450940    1.39D-17

    Fraction of norm inside rc  0.640828
    Optimizing pswf for qcut= 5.74 a_B^-1,  ecut=16.47 Ha
    q_infinity defining residual KE= 20.00  (E_inf=  200.0 Ha)
    Residual KE error=  2.96D-03 Ha

    Total kinetic energy consistency test
      Fourier integration compared to d^2/dr^2 integral
      Fourier  2.29635321  r-space=  2.29636834  ratio=  0.99999341
    Potential consistency test at r_c
    "vpsp"= -0.49409698  vae= -0.49397494  difference=  1.22D-04

    Energy error per electron        Cutoff
         Ha          eV             Ha
         0.01000     0.27211        7.69
         0.00100     0.02721       29.70
         0.00010     0.00272       88.67

  All-electron reference function large-component-only renormalization
    cnorm=   1.00002631  l=  2  n=  5  kap=  2

  Wellstate for l =  2  n =  6  kappa=  2
    eigenvalue =   1.7446
    asymptotic potential =   2.6677
    half-point radius =  3.0197

  All-electron reference function large-component-only renormalization
    cnorm=   1.00009052  ll=  2,  n=  6  kap=  2

First projector wave function outermost peak radius =  2.247, l= 2

  All-electron projector functions [0,rc] norms and overlap, l= 2
    qq(1,1)=  0.51877497  qq(1,2)= -0.01912964  qq(2,2)=  0.65907001


Calculating first optimized projector for l=   2

    Constraint consistency test
      pswf0 val/der aewf val/der     diff
        0.18670561    0.18670561    8.67D-14
       -0.10475553   -0.10475553    8.77D-15
        0.04936065    0.04936065   -4.36D-14
        0.02146570    0.02146570   -3.62D-13
       -0.17226984   -0.17226984   -9.12D-13

    Fraction of norm inside rc  0.518775
    Optimizing pswf for qcut= 5.74 a_B^-1,  ecut=16.47 Ha
    q_infinity defining residual KE= 20.00  (E_inf=  200.0 Ha)
    Residual KE error=  1.20D-07 Ha

    Total kinetic energy consistency test
      Fourier integration compared to d^2/dr^2 integral
      Fourier  0.67114896  r-space=  0.67114895  ratio=  1.00000002
    Potential consistency test at r_c
      vpsp= -0.49398205  vae= -0.49397494  difference=  7.10D-06

    Energy error per electron        Cutoff
         Ha          eV             Ha
         0.01000     0.27211        4.05
         0.00100     0.02721        5.62
         0.00010     0.00272        7.30
         0.00001     0.00027       12.08

Calculating second optimized projector for l=   2

    Constraint consistency test
      pswf0 val/der aewf val/der     diff
        0.27538731    0.27538731   -1.67D-16
       -0.11045961   -0.11045961    8.05D-14
       -0.96374323   -0.96374323    6.68D-14
        1.14999991    1.14999991    4.81D-13
        2.02705090    2.02705090    1.00D-12
       -0.01912964   -0.01912964    1.14D-16

    Fraction of norm inside rc  0.659070
    Optimizing pswf for qcut= 5.74 a_B^-1,  ecut=16.47 Ha
    q_infinity defining residual KE= 20.00  (E_inf=  200.0 Ha)
    Residual KE error=  3.14D-03 Ha

    Total kinetic energy consistency test
      Fourier integration compared to d^2/dr^2 integral
      Fourier  2.35538455  r-space=  2.35540088  ratio=  0.99999307
    Potential consistency test at r_c
    "vpsp"= -0.49410686  vae= -0.49397494  difference=  1.32D-04

    Energy error per electron        Cutoff
         Ha          eV             Ha
         0.01000     0.27211        7.98
         0.00100     0.02721       30.40
         0.00010     0.00272       92.07
wellstate: lschfb convergence ERROR, n=  4 l=  3
