ONCVPSP  (Optimized Norm-Conservinng Vanderbilt PSeudopotential)
scalar-relativistic version 3.3.1 12/12/2017


While it is not required under the terms of the GNU GPL, it is
suggested that you cite D. R. Hamann, Phys. Rev. B 88, 085117 (2013)
in any publication utilizing these pseudopotentials.


# ATOM AND REFERENCE CONFIGURATION
# atsym  z   nc   nv     iexc    psfile
  Ba 56.00    9    4       4      upf 
#
#   n    l    f        energy (Ha)
    1    0    2.00    -1.3692473D+03
    2    0    2.00    -2.1638190D+02
    2    1    6.00    -1.9402064D+02
    3    0    2.00    -4.5637748D+01
    3    1    6.00    -3.8469930D+01
    3    2   10.00    -2.8062688D+01
    4    0    2.00    -8.9159647D+00
    4    1    6.00    -6.6042549D+00
    4    2   10.00    -3.2481813D+00
    5    0    2.00    -1.1912574D+00
    5    1    6.00    -6.4623696D-01
    5    2    1.00    -4.9695058D-02
    6    0    1.00    -1.0246655D-01
#
# PSEUDOPOTENTIAL AND OPTIMIZATION
# lmax
    3
#
#   l,   rc,      ep,       ncon, nbas, qcut
    0   2.93784  -1.19126    5    8   4.58118
    1   2.93784  -0.64624    5    8   4.80909
    2   2.97309  -0.04970    5    8   5.73962
    3   2.54602   0.14815    5    8   7.53728
#
# LOCAL POTENTIAL
# lloc, lpopt,  rc(5),   dvloc0
    4    5   2.31429      0.00000
#
# VANDERBILT-KLEINMAN-BYLANDER PROJECTORs
# l, nproj, debl
    0    2   1.08879
    1    2   1.60356
    2    2   1.83660
    3    2   1.30997
#
# MODEL CORE CHARGE
# icmod, fcfact, rcfact
    0   0.00000   0.00000
#
# LOG DERIVATIVE ANALYSIS
# epsh1, epsh2, depsh
   -5.00    3.00    0.02
#
# OUTPUT GRID
# rlmax, drl
    6.00    0.01
#
# TEST CONFIGURATIONS
# ncnf
    0
# nvcnf
#   n    l    f


Reference configufation results
  iterations    26
  all-electron total energy (Ha)   -8.13551578D+03

Begin loop to  construct optimized pseudo wave functions
and semi-local pseudopoentials for all angular momenta

First projector wave function outermost peak radius =  1.471, l= 0

All-electron projector functions [0,rc] norms and overlap, l= 0
  qq(1,1)=  0.97870996  qq(1,2)= -0.07873676  qq(2,2)=  0.09268705


Calculating first optimized projector for l=   0

    Constraint consistency test
      pswf0 val/der aewf val/der     diff
        0.08017893    0.08017893   -1.71D-14
       -0.12983806   -0.12983806   -7.99D-15
        0.20301368    0.20301368   -1.27D-14
       -0.29048660   -0.29048660   -4.05D-14
        0.31641893    0.31641893   -4.84D-14

    Fraction of norm inside rc  0.978710
    Optimizing pswf for qcut= 4.58 a_B^-1,  ecut=10.49 Ha
    q_infinity defining residual KE= 20.00  (E_inf=  200.0 Ha)
    Residual KE error=  4.30D-06 Ha

    Total kinetic energy consistency test
      Fourier integration compared to d^2/dr^2 integral
      Fourier  0.42210638  r-space=  0.42210639  ratio=  0.99999999
    Potential consistency test at r_c
      vpsp= -0.46992346  vae= -0.46991813  difference=  5.33D-06

    Energy error per electron        Cutoff
         Ha          eV             Ha
         0.01000     0.27211        4.98
         0.00100     0.02721        7.13
         0.00010     0.00272        8.65
         0.00001     0.00027        9.93

Calculating second optimized projector for l=   0

    Constraint consistency test
      pswf0 val/der aewf val/der     diff
        0.12576910    0.12576910    0.00D+00
        0.03841815    0.03841815    3.02D-14
       -0.11827332   -0.11827332    2.35D-14
        0.15849515    0.15849515    8.39D-14
       -0.14473702   -0.14473702    1.33D-13
       -0.07873676   -0.07873676   -4.16D-17

    Fraction of norm inside rc  0.092687
    Optimizing pswf for qcut= 4.58 a_B^-1,  ecut=10.49 Ha
    q_infinity defining residual KE= 20.00  (E_inf=  200.0 Ha)
    Residual KE error=  5.77D-06 Ha

    Total kinetic energy consistency test
      Fourier integration compared to d^2/dr^2 integral
      Fourier  0.15253472  r-space=  0.15253485  ratio=  0.99999916
    Potential consistency test at r_c
    "vpsp"= -0.46992332  vae= -0.46991813  difference=  5.19D-06

    Energy error per electron        Cutoff
         Ha          eV             Ha
         0.01000     0.27211        1.87
         0.00100     0.02721        6.43
         0.00010     0.00272        8.47
         0.00001     0.00027       10.11

   Wellstate for l =  1  n =  6
     eigenvalue =   0.9573
     asymptotic potential =   1.8408
     half-point radius =  3.0737

First projector wave function outermost peak radius =  1.657, l= 1

All-electron projector functions [0,rc] norms and overlap, l= 1
  qq(1,1)=  0.92208375  qq(1,2)= -0.06161743  qq(2,2)=  0.64669628


Calculating first optimized projector for l=   1

    Constraint consistency test
      pswf0 val/der aewf val/der     diff
        0.12915383    0.12915383    2.32D-14
       -0.15756221   -0.15756221   -1.44D-15
        0.18076084    0.18076084   -3.72D-15
       -0.16700384   -0.16700384   -3.24D-14
        0.01465020    0.01465020   -2.54D-13

    Fraction of norm inside rc  0.922084
    Optimizing pswf for qcut= 4.80 a_B^-1,  ecut=11.52 Ha
    q_infinity defining residual KE= 20.00  (E_inf=  200.0 Ha)
    Residual KE error=  3.87D-06 Ha

    Total kinetic energy consistency test
      Fourier integration compared to d^2/dr^2 integral
      Fourier  0.76133168  r-space=  0.76133167  ratio=  1.00000001
    Potential consistency test at r_c
      vpsp= -0.46991252  vae= -0.46991813  difference= -5.61D-06

    Energy error per electron        Cutoff
         Ha          eV             Ha
         0.01000     0.27211        3.19
         0.00100     0.02721        5.82
         0.00010     0.00272        8.91
         0.00001     0.00027       11.10

Calculating second optimized projector for l=   1

    Constraint consistency test
      pswf0 val/der aewf val/der     diff
        0.27092796    0.27092796    2.78D-16
       -0.15708943   -0.15708943    3.28D-14
       -0.60640969   -0.60640969    6.74D-14
        0.95607412    0.95607412    3.63D-13
        0.18357250    0.18357250    6.69D-13
       -0.06161743   -0.06161743    1.94D-16

    Fraction of norm inside rc  0.646696
    Optimizing pswf for qcut= 4.80 a_B^-1,  ecut=11.52 Ha
    q_infinity defining residual KE= 20.00  (E_inf=  200.0 Ha)
    Residual KE error=  2.16D-03 Ha

    Total kinetic energy consistency test
      Fourier integration compared to d^2/dr^2 integral
      Fourier  1.43462017  r-space=  1.43462706  ratio=  0.99999520
    Potential consistency test at r_c
    "vpsp"= -0.46996555  vae= -0.46991813  difference=  4.74D-05

    Energy error per electron        Cutoff
         Ha          eV             Ha
         0.01000     0.27211        6.32
         0.00100     0.02721       20.29
         0.00010     0.00272       63.81

   Wellstate for l =  2  n =  6
     eigenvalue =   1.7869
     asymptotic potential =   2.6174
     half-point radius =  3.0737

First projector wave function outermost peak radius =  2.546, l= 2

All-electron projector functions [0,rc] norms and overlap, l= 2
  qq(1,1)=  0.37667055  qq(1,2)= -0.01361464  qq(2,2)=  0.64957139


Calculating first optimized projector for l=   2

    Constraint consistency test
      pswf0 val/der aewf val/der     diff
        0.17078833    0.17078833    7.31D-14
       -0.07460047   -0.07460047   -1.69D-15
        0.02257376    0.02257376    8.57D-15
        0.03572963    0.03572963   -2.30D-15
       -0.14697279   -0.14697279    6.08D-14

    Fraction of norm inside rc  0.376671
    Optimizing pswf for qcut= 5.74 a_B^-1,  ecut=16.47 Ha
    q_infinity defining residual KE= 20.00  (E_inf=  200.0 Ha)
    Residual KE error=  5.59D-08 Ha

    Total kinetic energy consistency test
      Fourier integration compared to d^2/dr^2 integral
      Fourier  0.47606533  r-space=  0.47606532  ratio=  1.00000003
    Potential consistency test at r_c
      vpsp= -0.46992052  vae= -0.46991813  difference=  2.39D-06

    Energy error per electron        Cutoff
         Ha          eV             Ha
         0.01000     0.27211        3.19
         0.00100     0.02721        4.65
         0.00010     0.00272        7.09
         0.00001     0.00027       11.80

Calculating second optimized projector for l=   2

    Constraint consistency test
      pswf0 val/der aewf val/der     diff
        0.26566686    0.26566686   -7.22D-16
       -0.08277760   -0.08277760    1.39D-13
       -0.96317770   -0.96317770   -1.97D-14
        1.03324155    1.03324155   -1.61D-13
        2.24992772    2.24992772   -3.32D-13
       -0.01361464   -0.01361464   -5.90D-17

    Fraction of norm inside rc  0.649571
    Optimizing pswf for qcut= 5.74 a_B^-1,  ecut=16.47 Ha
    q_infinity defining residual KE= 20.00  (E_inf=  200.0 Ha)
    Residual KE error=  3.03D-03 Ha

    Total kinetic energy consistency test
      Fourier integration compared to d^2/dr^2 integral
      Fourier  2.25787903  r-space=  2.25789528  ratio=  0.99999280
    Potential consistency test at r_c
    "vpsp"= -0.47004554  vae= -0.46991813  difference=  1.27D-04

    Energy error per electron        Cutoff
         Ha          eV             Ha
         0.01000     0.27211        7.78
         0.00100     0.02721       29.95
         0.00010     0.00272       87.93

   Wellstate for l =  3  n =  4
     eigenvalue =   0.1482
     asymptotic potential =   1.1204
     half-point radius =  2.8520
wellstate: ERROR well potential iteration failed to converge, n=  5 l=  3
