ONCVPSP  (Optimized Norm-Conservinng Vanderbilt PSeudopotential)
fully-relativistic version 3.3.1 12/12/2017


While it is not required under the terms of the GNU GPL, it issuggested that you cite the arXiv preprint or Phys. Rev. B paperthrough which you found this code in any publication using thesepseudopotentials.  The reference will be here when available.


# ATOM AND REFERENCE CONFIGURATION
# atsym  z   nc   nv     iexc    psfile
  Ba 56.00    9    4       4      upf 
#
#   n    l    f              energy (Ha)
#   n    l    f        l+1/2             l-1/2
    1    0    2.00    -1.3681269D+03
    2    0    2.00    -2.1611990D+02
    2    1    6.00    -1.8953720D+02    -2.0356609D+02
    3    0    2.00    -4.5583125D+01
    3    1    6.00    -3.7604981D+01    -4.0316668D+01
    3    2   10.00    -2.7792218D+01    -2.8370209D+01
    4    0    2.00    -8.9056139D+00
    4    1    6.00    -6.4263924D+00    -6.9915205D+00
    4    2   10.00    -3.2052471D+00    -3.3013097D+00
    5    0    2.00    -1.1898177D+00
    5    1    6.00    -6.2311658D-01    -6.9799447D-01
    5    2    1.00    -4.8222138D-02    -5.1996667D-02
    6    0    1.00    -1.0247940D-01
#
# PSEUDOPOTENTIAL AND OPTIMIZATION
# lmax
    3
#
#   l,   rc,     ep,   ncon, nbas, qcut
    0   2.93784  -1.19126    5    8   4.58118
    1   2.93784  -0.64624    5    8   4.80909
    2   2.97309  -0.04970    5    8   5.73962
    3   2.54602   0.14815    5    8   7.53728
#
# LOCAL POTENTIAL
# lloc, lpopt,  rc(5),   dvloc0
    4    5   2.31429      0.00000
#
# VANDERBILT-KLEINMAN-BYLANDER PROJECTORs
# l, nproj, debl
    0    2   1.08879
    1    2   1.60356
    2    2   1.83660
    3    2   1.30997
#
# MODEL CORE CHARGE
# icmod, fcfact, rcfact
    0   0.00000   0.00000
#
# LOG DERIVATIVE ANALYSIS
# epsh1, epsh2, depsh
   -5.00    3.00    0.02
#
# OUTPUT GRID
# rlmax, drl
    6.00    0.01
#
# TEST CONFIGURATIONS
# ncnf
    0
# nvcnf
#   n    l    f


Reference configufation results
  iterations    26
  all-electron total energy (Ha)   -8.13927771D+03

Begin loop to  construct optimized pseudo wave functions
and semi-local pseudopoentials for all angular momenta

  All-electron reference function large-component-only renormalization
    cnorm=   1.00008762  l=  0  n=  5  kap= -1

  All-electron reference function large-component-only renormalization
    cnorm=   1.00000916  ll=  0,  n=  6  kap= -1

First projector wave function outermost peak radius =  1.471, l= 0

  All-electron projector functions [0,rc] norms and overlap, l= 0
    qq(1,1)=  0.97860171  qq(1,2)= -0.07894056  qq(2,2)=  0.09251768


Calculating first optimized projector for l=   0

    Constraint consistency test
      pswf0 val/der aewf val/der     diff
        0.08034587    0.08034587   -1.10D-14
       -0.13000340   -0.13000340   -1.14D-14
        0.20307994    0.20307994   -3.25D-15
       -0.29019880   -0.29019880   -2.55D-14
        0.31522284    0.31522284    8.09D-14

    Fraction of norm inside rc  0.978602
    Optimizing pswf for qcut= 4.58 a_B^-1,  ecut=10.49 Ha
    q_infinity defining residual KE= 20.00  (E_inf=  200.0 Ha)
    Residual KE error=  4.31D-06 Ha

    Total kinetic energy consistency test
      Fourier integration compared to d^2/dr^2 integral
      Fourier  0.42176261  r-space=  0.42176261  ratio=  0.99999999
    Potential consistency test at r_c
      vpsp= -0.47026232  vae= -0.47025692  difference=  5.40D-06

    Energy error per electron        Cutoff
         Ha          eV             Ha
         0.01000     0.27211        4.98
         0.00100     0.02721        7.13
         0.00010     0.00272        8.66
         0.00001     0.00027        9.93

Calculating second optimized projector for l=   0

    Constraint consistency test
      pswf0 val/der aewf val/der     diff
        0.12563982    0.12563982   -8.33D-17
        0.03859031    0.03859031    3.19D-14
       -0.11837602   -0.11837602    3.36D-15
        0.15837402    0.15837402    3.77D-14
       -0.14409307   -0.14409307    6.33D-14
       -0.07894056   -0.07894056   -6.94D-17

    Fraction of norm inside rc  0.092518
    Optimizing pswf for qcut= 4.58 a_B^-1,  ecut=10.49 Ha
    q_infinity defining residual KE= 20.00  (E_inf=  200.0 Ha)
    Residual KE error=  5.74D-06 Ha

    Total kinetic energy consistency test
      Fourier integration compared to d^2/dr^2 integral
      Fourier  0.15252456  r-space=  0.15252469  ratio=  0.99999916
    Potential consistency test at r_c
    "vpsp"= -0.47026210  vae= -0.47025692  difference=  5.18D-06

    Energy error per electron        Cutoff
         Ha          eV             Ha
         0.01000     0.27211        1.88
         0.00100     0.02721        6.42
         0.00010     0.00272        8.47
         0.00001     0.00027       10.11

  All-electron reference function large-component-only renormalization
    cnorm=   1.00006191  l=  1  n=  5  kap= -2

  Wellstate for l =  1  n =  6  kappa= -2
    eigenvalue =   0.9555
    asymptotic potential =   1.8629
    half-point radius =  3.1072

  All-electron reference function large-component-only renormalization
    cnorm=   1.00007033  ll=  1,  n=  6  kap= -2

First projector wave function outermost peak radius =  1.697, l= 1

  All-electron projector functions [0,rc] norms and overlap, l= 1
    qq(1,1)=  0.91503729  qq(1,2)= -0.06957283  qq(2,2)=  0.63179340


Calculating first optimized projector for l=   1

    Constraint consistency test
      pswf0 val/der aewf val/der     diff
        0.13321392    0.13321392   -3.31D-14
       -0.15917912   -0.15917912    3.25D-15
        0.17794927    0.17794927   -1.94D-14
       -0.15636120   -0.15636120   -1.36D-13
       -0.00897336   -0.00897336   -3.57D-13

    Fraction of norm inside rc  0.915037
    Optimizing pswf for qcut= 4.80 a_B^-1,  ecut=11.52 Ha
    q_infinity defining residual KE= 20.00  (E_inf=  200.0 Ha)
    Residual KE error=  4.14D-06 Ha

    Total kinetic energy consistency test
      Fourier integration compared to d^2/dr^2 integral
      Fourier  0.73848032  r-space=  0.73848031  ratio=  1.00000001
    Potential consistency test at r_c
      vpsp= -0.47024953  vae= -0.47025692  difference= -7.39D-06

    Energy error per electron        Cutoff
         Ha          eV             Ha
         0.01000     0.27211        3.07
         0.00100     0.02721        6.42
         0.00010     0.00272        9.02
         0.00001     0.00027       11.20

Calculating second optimized projector for l=   1

    Constraint consistency test
      pswf0 val/der aewf val/der     diff
        0.27164771    0.27164771    1.67D-16
       -0.13774241   -0.13774241    4.06D-14
       -0.62050147   -0.62050147    1.19D-14
        0.91927854    0.91927854    1.87D-13
        0.31091652    0.31091652    3.23D-13
       -0.06957283   -0.06957283    1.39D-17

    Fraction of norm inside rc  0.631793
    Optimizing pswf for qcut= 4.80 a_B^-1,  ecut=11.52 Ha
    q_infinity defining residual KE= 20.00  (E_inf=  200.0 Ha)
    Residual KE error=  2.17D-03 Ha

    Total kinetic energy consistency test
      Fourier integration compared to d^2/dr^2 integral
      Fourier  1.42071411  r-space=  1.42071723  ratio=  0.99999780
    Potential consistency test at r_c
    "vpsp"= -0.47030489  vae= -0.47025692  difference=  4.80D-05

    Energy error per electron        Cutoff
         Ha          eV             Ha
         0.01000     0.27211        6.31
         0.00100     0.02721       19.69
         0.00010     0.00272       55.76

  All-electron reference function large-component-only renormalization
    cnorm=   1.00006754  l=  1  n=  5  kap=  1

wellstate: ERROR iteration failed to  converge
wellstate: ERROR well potential iteration failed to converge, n=  6 l=  1
